2019-07-20T19:10:22: PM2 log: ===============================================================================
2019-07-20T19:10:22: PM2 log: --- New PM2 Daemon started ----------------------------------------------------
2019-07-20T19:10:22: PM2 log: Time                 : Sat Jul 20 2019 19:10:22 GMT+0000 (UTC)
2019-07-20T19:10:22: PM2 log: PM2 version          : 3.5.1
2019-07-20T19:10:22: PM2 log: Node.js version      : 8.10.0
2019-07-20T19:10:22: PM2 log: Current arch         : x64
2019-07-20T19:10:22: PM2 log: PM2 home             : /root/.pm2
2019-07-20T19:10:22: PM2 log: PM2 PID file         : /root/.pm2/pm2.pid
2019-07-20T19:10:22: PM2 log: RPC socket file      : /root/.pm2/rpc.sock
2019-07-20T19:10:22: PM2 log: BUS socket file      : /root/.pm2/pub.sock
2019-07-20T19:10:22: PM2 log: Application log path : /root/.pm2/logs
2019-07-20T19:10:22: PM2 log: Process dump file    : /root/.pm2/dump.pm2
2019-07-20T19:10:22: PM2 log: Concurrent actions   : 2
2019-07-20T19:10:22: PM2 log: SIGTERM timeout      : 1600
2019-07-20T19:10:22: PM2 log: ===============================================================================
2019-07-20T19:10:22: PM2 log: App [milkicons_:0] starting in -fork mode-
2019-07-20T19:10:22: PM2 log: App [milkicons_:0] online
2019-07-20T19:10:24: PM2 log: App [milkicons_:0] exited with code [1] via signal [SIGINT]
2019-07-20T19:10:24: PM2 log: App [milkicons_:0] starting in -fork mode-
2019-07-20T19:10:24: PM2 log: App [milkicons_:0] online
2019-07-20T19:10:25: PM2 log: App [milkicons_:0] exited with code [1] via signal [SIGINT]
2019-07-20T19:10:25: PM2 log: App [milkicons_:0] starting in -fork mode-
2019-07-20T19:10:25: PM2 log: App [milkicons_:0] online
2019-07-20T19:10:26: PM2 log: App [milkicons_:0] exited with code [1] via signal [SIGINT]
2019-07-20T19:10:26: PM2 log: App [milkicons_:0] starting in -fork mode-
2019-07-20T19:10:26: PM2 log: App [milkicons_:0] online
2019-07-20T19:10:27: PM2 log: App [milkicons_:0] exited with code [1] via signal [SIGINT]
2019-07-20T19:10:27: PM2 log: App [milkicons_:0] starting in -fork mode-
2019-07-20T19:10:27: PM2 log: App [milkicons_:0] online
2019-07-20T19:10:28: PM2 log: App [milkicons_:0] exited with code [1] via signal [SIGINT]
2019-07-20T19:10:28: PM2 log: App [milkicons_:0] starting in -fork mode-
2019-07-20T19:10:28: PM2 log: App [milkicons_:0] online
2019-07-20T19:10:29: PM2 log: App [milkicons_:0] exited with code [1] via signal [SIGINT]
2019-07-20T19:10:29: PM2 log: App [milkicons_:0] starting in -fork mode-
2019-07-20T19:10:29: PM2 log: App [milkicons_:0] online
2019-07-20T19:10:30: PM2 log: App [milkicons_:0] exited with code [1] via signal [SIGINT]
2019-07-20T19:10:30: PM2 log: App [milkicons_:0] starting in -fork mode-
2019-07-20T19:10:30: PM2 log: App [milkicons_:0] online
2019-07-20T19:10:31: PM2 log: App [milkicons_:0] exited with code [1] via signal [SIGINT]
2019-07-20T19:10:31: PM2 log: App [milkicons_:0] starting in -fork mode-
2019-07-20T19:10:31: PM2 log: App [milkicons_:0] online
2019-07-20T19:10:32: PM2 log: App [milkicons_:0] exited with code [1] via signal [SIGINT]
2019-07-20T19:10:32: PM2 log: App [milkicons_:0] starting in -fork mode-
2019-07-20T19:10:32: PM2 log: App [milkicons_:0] online
2019-07-20T19:10:33: PM2 log: App [milkicons_:0] exited with code [1] via signal [SIGINT]
2019-07-20T19:10:33: PM2 log: App [milkicons_:0] starting in -fork mode-
2019-07-20T19:10:33: PM2 log: App [milkicons_:0] online
2019-07-20T19:10:34: PM2 log: App [milkicons_:0] exited with code [1] via signal [SIGINT]
2019-07-20T19:10:34: PM2 log: App [milkicons_:0] starting in -fork mode-
2019-07-20T19:10:34: PM2 log: App [milkicons_:0] online
2019-07-20T19:10:35: PM2 log: App [milkicons_:0] exited with code [1] via signal [SIGINT]
2019-07-20T19:10:35: PM2 log: App [milkicons_:0] starting in -fork mode-
2019-07-20T19:10:35: PM2 log: App [milkicons_:0] online
2019-07-20T19:10:36: PM2 log: App [milkicons_:0] exited with code [1] via signal [SIGINT]
2019-07-20T19:10:36: PM2 log: App [milkicons_:0] starting in -fork mode-
2019-07-20T19:10:36: PM2 log: App [milkicons_:0] online
2019-07-20T19:10:37: PM2 log: App [milkicons_:0] exited with code [1] via signal [SIGINT]
2019-07-20T19:10:37: PM2 log: App [milkicons_:0] starting in -fork mode-
2019-07-20T19:10:37: PM2 log: App [milkicons_:0] online
2019-07-20T19:10:39: PM2 log: App [milkicons_:0] exited with code [1] via signal [SIGINT]
2019-07-20T19:10:39: PM2 log: App [milkicons_:0] starting in -fork mode-
2019-07-20T19:10:39: PM2 log: App [milkicons_:0] online
2019-07-20T19:10:41: PM2 log: App [milkicons_:0] exited with code [1] via signal [SIGINT]
2019-07-20T19:10:41: PM2 log: App [milkicons_:0] starting in -fork mode-
2019-07-20T19:10:41: PM2 log: App [milkicons_:0] online
2019-07-20T19:10:43: PM2 log: App [milkicons_:0] exited with code [1] via signal [SIGINT]
2019-07-20T19:10:43: PM2 log: App [milkicons_:0] starting in -fork mode-
2019-07-20T19:10:43: PM2 log: App [milkicons_:0] online
2019-07-20T19:10:45: PM2 log: App [milkicons_:0] exited with code [1] via signal [SIGINT]
2019-07-20T19:10:45: PM2 log: App [milkicons_:0] starting in -fork mode-
2019-07-20T19:10:45: PM2 log: App [milkicons_:0] online
2019-07-20T19:10:48: PM2 log: App [milkicons_:0] exited with code [1] via signal [SIGINT]
2019-07-20T19:10:48: PM2 log: App [milkicons_:0] starting in -fork mode-
2019-07-20T19:10:48: PM2 log: App [milkicons_:0] online
2019-07-20T19:10:50: PM2 log: App [milkicons_:0] exited with code [1] via signal [SIGINT]
2019-07-20T19:10:50: PM2 log: App [milkicons_:0] starting in -fork mode-
2019-07-20T19:10:50: PM2 log: App [milkicons_:0] online
2019-07-20T19:10:53: PM2 log: App [milkicons_:0] exited with code [1] via signal [SIGINT]
2019-07-20T19:10:53: PM2 log: App [milkicons_:0] starting in -fork mode-
2019-07-20T19:10:53: PM2 log: App [milkicons_:0] online
2019-07-20T19:10:55: PM2 log: App [milkicons_:0] exited with code [1] via signal [SIGINT]
2019-07-20T19:10:55: PM2 log: App [milkicons_:0] starting in -fork mode-
2019-07-20T19:10:55: PM2 log: App [milkicons_:0] online
2019-07-20T19:10:57: PM2 log: App [milkicons_:0] exited with code [1] via signal [SIGINT]
2019-07-20T19:10:57: PM2 log: App [milkicons_:0] starting in -fork mode-
2019-07-20T19:10:57: PM2 log: App [milkicons_:0] online
2019-07-20T19:11:00: PM2 log: App [milkicons_:0] exited with code [1] via signal [SIGINT]
2019-07-20T19:11:00: PM2 log: App [milkicons_:0] starting in -fork mode-
2019-07-20T19:11:00: PM2 log: App [milkicons_:0] online
2019-07-20T19:11:02: PM2 log: App [milkicons_:0] exited with code [1] via signal [SIGINT]
2019-07-20T19:11:02: PM2 log: App [milkicons_:0] starting in -fork mode-
2019-07-20T19:11:02: PM2 log: App [milkicons_:0] online
2019-07-20T19:11:04: PM2 log: App [milkicons_:0] exited with code [1] via signal [SIGINT]
2019-07-20T19:11:04: PM2 log: App [milkicons_:0] starting in -fork mode-
2019-07-20T19:11:04: PM2 log: App [milkicons_:0] online
2019-07-20T19:11:06: PM2 log: App [milkicons_:0] exited with code [1] via signal [SIGINT]
2019-07-20T19:11:06: PM2 log: App [milkicons_:0] starting in -fork mode-
2019-07-20T19:11:06: PM2 log: App [milkicons_:0] online
2019-07-20T19:11:09: PM2 log: App [milkicons_:0] exited with code [1] via signal [SIGINT]
2019-07-20T19:11:09: PM2 log: App [milkicons_:0] starting in -fork mode-
2019-07-20T19:11:09: PM2 log: App [milkicons_:0] online
2019-07-20T19:11:11: PM2 log: App [milkicons_:0] exited with code [1] via signal [SIGINT]
2019-07-20T19:11:11: PM2 log: App [milkicons_:0] starting in -fork mode-
2019-07-20T19:11:11: PM2 log: App [milkicons_:0] online
2019-07-20T19:11:13: PM2 log: App [milkicons_:0] exited with code [1] via signal [SIGINT]
2019-07-20T19:11:13: PM2 log: App [milkicons_:0] starting in -fork mode-
2019-07-20T19:11:13: PM2 log: App [milkicons_:0] online
2019-07-20T19:11:16: PM2 log: App [milkicons_:0] exited with code [1] via signal [SIGINT]
2019-07-20T19:11:16: PM2 log: App [milkicons_:0] starting in -fork mode-
2019-07-20T19:11:16: PM2 log: App [milkicons_:0] online
2019-07-20T19:11:18: PM2 log: App [milkicons_:0] exited with code [1] via signal [SIGINT]
2019-07-20T19:11:18: PM2 log: App [milkicons_:0] starting in -fork mode-
2019-07-20T19:11:18: PM2 log: App [milkicons_:0] online
2019-07-20T19:11:19: PM2 log: App [milkicons_:0] exited with code [1] via signal [SIGINT]
2019-07-20T19:11:19: PM2 log: App [milkicons_:0] starting in -fork mode-
2019-07-20T19:11:19: PM2 log: App [milkicons_:0] online
2019-07-20T19:11:20: PM2 log: App [milkicons_:0] exited with code [1] via signal [SIGINT]
2019-07-20T19:11:20: PM2 log: App [milkicons_:0] starting in -fork mode-
2019-07-20T19:11:20: PM2 log: App [milkicons_:0] online
2019-07-20T19:11:21: PM2 log: App [milkicons_:0] exited with code [1] via signal [SIGINT]
2019-07-20T19:11:21: PM2 log: App [milkicons_:0] starting in -fork mode-
2019-07-20T19:11:21: PM2 log: App [milkicons_:0] online
2019-07-20T19:11:22: PM2 log: App [milkicons_:0] exited with code [1] via signal [SIGINT]
2019-07-20T19:11:22: PM2 log: App [milkicons_:0] starting in -fork mode-
2019-07-20T19:11:22: PM2 log: App [milkicons_:0] online
2019-07-20T19:11:23: PM2 log: App [milkicons_:0] exited with code [1] via signal [SIGINT]
2019-07-20T19:11:23: PM2 log: App [milkicons_:0] starting in -fork mode-
2019-07-20T19:11:23: PM2 log: App [milkicons_:0] online
2019-07-20T19:11:24: PM2 log: App [milkicons_:0] exited with code [1] via signal [SIGINT]
2019-07-20T19:11:24: PM2 log: App [milkicons_:0] starting in -fork mode-
2019-07-20T19:11:24: PM2 log: App [milkicons_:0] online
2019-07-20T19:11:25: PM2 log: App [milkicons_:0] exited with code [1] via signal [SIGINT]
2019-07-20T19:11:25: PM2 log: App [milkicons_:0] starting in -fork mode-
2019-07-20T19:11:25: PM2 log: App [milkicons_:0] online
2019-07-20T19:11:26: PM2 log: App [milkicons_:0] exited with code [1] via signal [SIGINT]
2019-07-20T19:11:26: PM2 log: App [milkicons_:0] starting in -fork mode-
2019-07-20T19:11:26: PM2 log: App [milkicons_:0] online
2019-07-20T19:11:27: PM2 log: App [milkicons_:0] exited with code [1] via signal [SIGINT]
2019-07-20T19:11:27: PM2 log: App [milkicons_:0] starting in -fork mode-
2019-07-20T19:11:27: PM2 log: App [milkicons_:0] online
2019-07-20T19:11:28: PM2 log: App [milkicons_:0] exited with code [1] via signal [SIGINT]
2019-07-20T19:11:28: PM2 log: App [milkicons_:0] starting in -fork mode-
2019-07-20T19:11:28: PM2 log: App [milkicons_:0] online
2019-07-20T19:11:29: PM2 log: App [milkicons_:0] exited with code [1] via signal [SIGINT]
2019-07-20T19:11:29: PM2 log: App [milkicons_:0] starting in -fork mode-
2019-07-20T19:11:29: PM2 log: App [milkicons_:0] online
2019-07-20T19:11:30: PM2 log: App [milkicons_:0] exited with code [1] via signal [SIGINT]
2019-07-20T19:11:30: PM2 log: App [milkicons_:0] starting in -fork mode-
2019-07-20T19:11:30: PM2 log: App [milkicons_:0] online
2019-07-20T19:11:31: PM2 log: App [milkicons_:0] exited with code [1] via signal [SIGINT]
2019-07-20T19:11:31: PM2 log: App [milkicons_:0] starting in -fork mode-
2019-07-20T19:11:31: PM2 log: App [milkicons_:0] online
2019-07-20T19:11:32: PM2 log: App [milkicons_:0] exited with code [1] via signal [SIGINT]
2019-07-20T19:11:32: PM2 log: App [milkicons_:0] starting in -fork mode-
2019-07-20T19:11:32: PM2 log: App [milkicons_:0] online
2019-07-20T19:11:33: PM2 log: App [milkicons_:0] exited with code [1] via signal [SIGINT]
2019-07-20T19:11:33: PM2 log: App [milkicons_:0] starting in -fork mode-
2019-07-20T19:11:33: PM2 log: App [milkicons_:0] online
2019-07-20T19:11:34: PM2 log: App [milkicons_:0] exited with code [1] via signal [SIGINT]
2019-07-20T19:11:34: PM2 log: App [milkicons_:0] starting in -fork mode-
2019-07-20T19:11:34: PM2 log: App [milkicons_:0] online
2019-07-20T19:11:36: PM2 log: App [milkicons_:0] exited with code [1] via signal [SIGINT]
2019-07-20T19:11:36: PM2 log: App [milkicons_:0] starting in -fork mode-
2019-07-20T19:11:36: PM2 log: App [milkicons_:0] online
2019-07-20T19:11:39: PM2 log: App [milkicons_:0] exited with code [1] via signal [SIGINT]
2019-07-20T19:11:39: PM2 log: App [milkicons_:0] starting in -fork mode-
2019-07-20T19:11:39: PM2 log: App [milkicons_:0] online
2019-07-20T19:11:41: PM2 log: App [milkicons_:0] exited with code [1] via signal [SIGINT]
2019-07-20T19:11:41: PM2 log: App [milkicons_:0] starting in -fork mode-
2019-07-20T19:11:41: PM2 log: App [milkicons_:0] online
2019-07-20T19:11:43: PM2 log: App [milkicons_:0] exited with code [1] via signal [SIGINT]
2019-07-20T19:11:43: PM2 log: App [milkicons_:0] starting in -fork mode-
2019-07-20T19:11:43: PM2 log: App [milkicons_:0] online
2019-07-20T19:11:46: PM2 log: App [milkicons_:0] exited with code [1] via signal [SIGINT]
2019-07-20T19:11:46: PM2 log: App [milkicons_:0] starting in -fork mode-
2019-07-20T19:11:46: PM2 log: App [milkicons_:0] online
2019-07-20T19:11:48: PM2 log: App [milkicons_:0] exited with code [1] via signal [SIGINT]
2019-07-20T19:11:48: PM2 log: App [milkicons_:0] starting in -fork mode-
2019-07-20T19:11:48: PM2 log: App [milkicons_:0] online
2019-07-20T19:11:50: PM2 log: App [milkicons_:0] exited with code [1] via signal [SIGINT]
2019-07-20T19:11:50: PM2 log: App [milkicons_:0] starting in -fork mode-
2019-07-20T19:11:50: PM2 log: App [milkicons_:0] online
2019-07-20T19:11:53: PM2 log: App [milkicons_:0] exited with code [1] via signal [SIGINT]
2019-07-20T19:11:53: PM2 log: App [milkicons_:0] starting in -fork mode-
2019-07-20T19:11:53: PM2 log: App [milkicons_:0] online
2019-07-20T19:11:55: PM2 log: App [milkicons_:0] exited with code [1] via signal [SIGINT]
2019-07-20T19:11:55: PM2 log: App [milkicons_:0] starting in -fork mode-
2019-07-20T19:11:55: PM2 log: App [milkicons_:0] online
2019-07-20T19:11:57: PM2 log: App [milkicons_:0] exited with code [1] via signal [SIGINT]
2019-07-20T19:11:57: PM2 log: App [milkicons_:0] starting in -fork mode-
2019-07-20T19:11:57: PM2 log: App [milkicons_:0] online
2019-07-20T19:11:59: PM2 log: App [milkicons_:0] exited with code [1] via signal [SIGINT]
2019-07-20T19:11:59: PM2 log: App [milkicons_:0] starting in -fork mode-
2019-07-20T19:11:59: PM2 log: App [milkicons_:0] online
2019-07-20T19:12:02: PM2 log: App [milkicons_:0] exited with code [1] via signal [SIGINT]
2019-07-20T19:12:02: PM2 log: App [milkicons_:0] starting in -fork mode-
2019-07-20T19:12:02: PM2 log: App [milkicons_:0] online
2019-07-20T19:12:04: PM2 log: App [milkicons_:0] exited with code [1] via signal [SIGINT]
2019-07-20T19:12:04: PM2 log: App [milkicons_:0] starting in -fork mode-
2019-07-20T19:12:04: PM2 log: App [milkicons_:0] online
2019-07-20T19:12:06: PM2 log: App [milkicons_:0] exited with code [1] via signal [SIGINT]
2019-07-20T19:12:06: PM2 log: App [milkicons_:0] starting in -fork mode-
2019-07-20T19:12:06: PM2 log: App [milkicons_:0] online
2019-07-20T19:12:08: PM2 log: App [milkicons_:0] exited with code [1] via signal [SIGINT]
2019-07-20T19:12:08: PM2 log: App [milkicons_:0] starting in -fork mode-
2019-07-20T19:12:08: PM2 log: App [milkicons_:0] online
2019-07-20T19:12:14: PM2 log: App [milkicons_:0] exited with code [1] via signal [SIGINT]
2019-07-20T19:12:14: PM2 log: App [milkicons_:0] starting in -fork mode-
2019-07-20T19:12:14: PM2 log: App [milkicons_:0] online
2019-07-20T19:12:16: PM2 log: App [milkicons_:0] exited with code [1] via signal [SIGINT]
2019-07-20T19:12:16: PM2 log: App [milkicons_:0] starting in -fork mode-
2019-07-20T19:12:16: PM2 log: App [milkicons_:0] online
2019-07-20T19:12:19: PM2 log: App [milkicons_:0] exited with code [1] via signal [SIGINT]
2019-07-20T19:12:19: PM2 log: App [milkicons_:0] starting in -fork mode-
2019-07-20T19:12:19: PM2 log: App [milkicons_:0] online
2019-07-20T19:12:21: PM2 log: App [milkicons_:0] exited with code [1] via signal [SIGINT]
2019-07-20T19:12:21: PM2 log: App [milkicons_:0] starting in -fork mode-
2019-07-20T19:12:21: PM2 log: App [milkicons_:0] online
2019-07-20T19:12:23: PM2 log: App [milkicons_:0] exited with code [1] via signal [SIGINT]
2019-07-20T19:12:23: PM2 log: App [milkicons_:0] starting in -fork mode-
2019-07-20T19:12:23: PM2 log: App [milkicons_:0] online
2019-07-20T19:12:26: PM2 log: App [milkicons_:0] exited with code [1] via signal [SIGINT]
2019-07-20T19:12:26: PM2 log: App [milkicons_:0] starting in -fork mode-
2019-07-20T19:12:26: PM2 log: App [milkicons_:0] online
2019-07-20T19:12:28: PM2 log: App [milkicons_:0] exited with code [1] via signal [SIGINT]
2019-07-20T19:12:28: PM2 log: App [milkicons_:0] starting in -fork mode-
2019-07-20T19:12:28: PM2 log: App [milkicons_:0] online
2019-07-20T19:12:30: PM2 log: App [milkicons_:0] exited with code [1] via signal [SIGINT]
2019-07-20T19:12:30: PM2 log: App [milkicons_:0] starting in -fork mode-
2019-07-20T19:12:30: PM2 log: App [milkicons_:0] online
2019-07-20T19:12:32: PM2 log: App [milkicons_:0] exited with code [1] via signal [SIGINT]
2019-07-20T19:12:32: PM2 log: App [milkicons_:0] starting in -fork mode-
2019-07-20T19:12:32: PM2 log: App [milkicons_:0] online
2019-07-20T19:12:34: PM2 log: App [milkicons_:0] exited with code [1] via signal [SIGINT]
2019-07-20T19:12:34: PM2 log: App [milkicons_:0] starting in -fork mode-
2019-07-20T19:12:34: PM2 log: App [milkicons_:0] online
2019-07-20T19:12:36: PM2 log: App [milkicons_:0] exited with code [1] via signal [SIGINT]
2019-07-20T19:12:36: PM2 log: App [milkicons_:0] starting in -fork mode-
2019-07-20T19:12:36: PM2 log: App [milkicons_:0] online
2019-07-20T19:12:37: PM2 log: App [milkicons_:0] exited with code [1] via signal [SIGINT]
2019-07-20T19:12:37: PM2 log: App [milkicons_:0] starting in -fork mode-
2019-07-20T19:12:37: PM2 log: App [milkicons_:0] online
2019-07-20T19:12:38: PM2 log: App [milkicons_:0] exited with code [1] via signal [SIGINT]
2019-07-20T19:12:38: PM2 log: App [milkicons_:0] starting in -fork mode-
2019-07-20T19:12:38: PM2 log: App [milkicons_:0] online
2019-07-20T19:12:39: PM2 log: App [milkicons_:0] exited with code [1] via signal [SIGINT]
2019-07-20T19:12:39: PM2 log: App [milkicons_:0] starting in -fork mode-
2019-07-20T19:12:39: PM2 log: App [milkicons_:0] online
2019-07-20T19:12:40: PM2 log: App [milkicons_:0] exited with code [1] via signal [SIGINT]
2019-07-20T19:12:40: PM2 log: App [milkicons_:0] starting in -fork mode-
2019-07-20T19:12:40: PM2 log: App [milkicons_:0] online
2019-07-20T19:12:41: PM2 log: App [milkicons_:0] exited with code [1] via signal [SIGINT]
2019-07-20T19:12:41: PM2 log: App [milkicons_:0] starting in -fork mode-
2019-07-20T19:12:41: PM2 log: App [milkicons_:0] online
2019-07-20T19:12:42: PM2 log: App [milkicons_:0] exited with code [1] via signal [SIGINT]
2019-07-20T19:12:42: PM2 log: App [milkicons_:0] starting in -fork mode-
2019-07-20T19:12:42: PM2 log: App [milkicons_:0] online
2019-07-20T19:12:43: PM2 log: App [milkicons_:0] exited with code [1] via signal [SIGINT]
2019-07-20T19:12:43: PM2 log: App [milkicons_:0] starting in -fork mode-
2019-07-20T19:12:43: PM2 log: App [milkicons_:0] online
2019-07-20T19:12:44: PM2 log: App [milkicons_:0] exited with code [1] via signal [SIGINT]
2019-07-20T19:12:44: PM2 log: App [milkicons_:0] starting in -fork mode-
2019-07-20T19:12:44: PM2 log: App [milkicons_:0] online
2019-07-20T19:12:46: PM2 log: App [milkicons_:0] exited with code [1] via signal [SIGINT]
2019-07-20T19:12:46: PM2 log: App [milkicons_:0] starting in -fork mode-
2019-07-20T19:12:46: PM2 log: App [milkicons_:0] online
2019-07-20T19:12:47: PM2 log: App [milkicons_:0] exited with code [1] via signal [SIGINT]
2019-07-20T19:12:47: PM2 log: App [milkicons_:0] starting in -fork mode-
2019-07-20T19:12:47: PM2 log: App [milkicons_:0] online
2019-07-20T19:12:48: PM2 log: App [milkicons_:0] exited with code [1] via signal [SIGINT]
2019-07-20T19:12:48: PM2 log: App [milkicons_:0] starting in -fork mode-
2019-07-20T19:12:48: PM2 log: App [milkicons_:0] online
2019-07-20T19:12:49: PM2 log: App [milkicons_:0] exited with code [1] via signal [SIGINT]
2019-07-20T19:12:49: PM2 log: App [milkicons_:0] starting in -fork mode-
2019-07-20T19:12:49: PM2 log: App [milkicons_:0] online
2019-07-20T19:12:50: PM2 log: App [milkicons_:0] exited with code [1] via signal [SIGINT]
2019-07-20T19:12:50: PM2 log: App [milkicons_:0] starting in -fork mode-
2019-07-20T19:12:50: PM2 log: App [milkicons_:0] online
2019-07-20T19:12:51: PM2 log: App [milkicons_:0] exited with code [1] via signal [SIGINT]
2019-07-20T19:12:51: PM2 log: App [milkicons_:0] starting in -fork mode-
2019-07-20T19:12:51: PM2 log: App [milkicons_:0] online
2019-07-20T19:12:52: PM2 log: App [milkicons_:0] exited with code [1] via signal [SIGINT]
2019-07-20T19:12:52: PM2 log: App [milkicons_:0] starting in -fork mode-
2019-07-20T19:12:52: PM2 log: App [milkicons_:0] online
2019-07-20T19:12:53: PM2 log: App [milkicons_:0] exited with code [1] via signal [SIGINT]
2019-07-20T19:12:53: PM2 log: App [milkicons_:0] starting in -fork mode-
2019-07-20T19:12:53: PM2 log: App [milkicons_:0] online
2019-07-20T19:12:54: PM2 log: App [milkicons_:0] exited with code [1] via signal [SIGINT]
2019-07-20T19:12:54: PM2 log: App [milkicons_:0] starting in -fork mode-
2019-07-20T19:12:54: PM2 log: App [milkicons_:0] online
2019-07-20T19:12:55: PM2 log: App [milkicons_:0] exited with code [1] via signal [SIGINT]
2019-07-20T19:12:55: PM2 log: App [milkicons_:0] starting in -fork mode-
2019-07-20T19:12:55: PM2 log: App [milkicons_:0] online
2019-07-20T19:12:56: PM2 log: App [milkicons_:0] exited with code [1] via signal [SIGINT]
2019-07-20T19:12:56: PM2 log: App [milkicons_:0] starting in -fork mode-
2019-07-20T19:12:56: PM2 log: App [milkicons_:0] online
2019-07-20T19:12:57: PM2 log: App [milkicons_:0] exited with code [1] via signal [SIGINT]
2019-07-20T19:12:57: PM2 log: App [milkicons_:0] starting in -fork mode-
2019-07-20T19:12:57: PM2 log: App [milkicons_:0] online
2019-07-20T19:12:58: PM2 log: App [milkicons_:0] exited with code [1] via signal [SIGINT]
2019-07-20T19:12:58: PM2 log: App [milkicons_:0] starting in -fork mode-
2019-07-20T19:12:58: PM2 log: App [milkicons_:0] online
2019-07-20T19:12:59: PM2 log: App [milkicons_:0] exited with code [1] via signal [SIGINT]
2019-07-20T19:12:59: PM2 log: App [milkicons_:0] starting in -fork mode-
2019-07-20T19:12:59: PM2 log: App [milkicons_:0] online
2019-07-20T19:13:00: PM2 log: App [milkicons_:0] exited with code [1] via signal [SIGINT]
2019-07-20T19:13:00: PM2 log: App [milkicons_:0] starting in -fork mode-
2019-07-20T19:13:00: PM2 log: App [milkicons_:0] online
2019-07-20T19:13:01: PM2 log: App [milkicons_:0] exited with code [1] via signal [SIGINT]
2019-07-20T19:13:01: PM2 log: App [milkicons_:0] starting in -fork mode-
2019-07-20T19:13:01: PM2 log: App [milkicons_:0] online
2019-07-20T19:13:02: PM2 log: App [milkicons_:0] exited with code [1] via signal [SIGINT]
2019-07-20T19:13:02: PM2 log: App [milkicons_:0] starting in -fork mode-
2019-07-20T19:13:02: PM2 log: App [milkicons_:0] online
2019-07-20T19:13:03: PM2 log: App [milkicons_:0] exited with code [1] via signal [SIGINT]
2019-07-20T19:13:03: PM2 log: App [milkicons_:0] starting in -fork mode-
2019-07-20T19:13:03: PM2 log: App [milkicons_:0] online
2019-07-20T19:13:04: PM2 log: App [milkicons_:0] exited with code [1] via signal [SIGINT]
2019-07-20T19:13:04: PM2 log: App [milkicons_:0] starting in -fork mode-
2019-07-20T19:13:04: PM2 log: App [milkicons_:0] online
2019-07-20T19:13:06: PM2 log: App [milkicons_:0] exited with code [1] via signal [SIGINT]
2019-07-20T19:13:06: PM2 log: App [milkicons_:0] starting in -fork mode-
2019-07-20T19:13:06: PM2 log: App [milkicons_:0] online
2019-07-20T19:13:09: PM2 log: App [milkicons_:0] exited with code [1] via signal [SIGINT]
2019-07-20T19:13:09: PM2 log: App [milkicons_:0] starting in -fork mode-
2019-07-20T19:13:09: PM2 log: App [milkicons_:0] online
2019-07-20T19:13:10: PM2 log: App [milkicons_:0] exited with code [1] via signal [SIGINT]
2019-07-20T19:13:10: PM2 log: App [milkicons_:0] starting in -fork mode-
2019-07-20T19:13:10: PM2 log: App [milkicons_:0] online
2019-07-20T19:13:11: PM2 log: App [milkicons_:0] exited with code [1] via signal [SIGINT]
2019-07-20T19:13:11: PM2 log: App [milkicons_:0] starting in -fork mode-
2019-07-20T19:13:11: PM2 log: App [milkicons_:0] online
2019-07-20T19:13:12: PM2 log: App [milkicons_:0] exited with code [1] via signal [SIGINT]
2019-07-20T19:13:12: PM2 log: App [milkicons_:0] starting in -fork mode-
2019-07-20T19:13:12: PM2 log: App [milkicons_:0] online
2019-07-20T19:13:14: PM2 log: App [milkicons_:0] exited with code [1] via signal [SIGINT]
2019-07-20T19:13:14: PM2 log: App [milkicons_:0] starting in -fork mode-
2019-07-20T19:13:14: PM2 log: App [milkicons_:0] online
2019-07-20T19:13:15: PM2 log: App [milkicons_:0] exited with code [1] via signal [SIGINT]
2019-07-20T19:13:15: PM2 log: App [milkicons_:0] starting in -fork mode-
2019-07-20T19:13:15: PM2 log: App [milkicons_:0] online
2019-07-20T19:13:16: PM2 log: App [milkicons_:0] exited with code [1] via signal [SIGINT]
2019-07-20T19:13:16: PM2 log: App [milkicons_:0] starting in -fork mode-
2019-07-20T19:13:16: PM2 log: App [milkicons_:0] online
2019-07-20T19:13:17: PM2 log: App [milkicons_:0] exited with code [1] via signal [SIGINT]
2019-07-20T19:13:17: PM2 log: App [milkicons_:0] starting in -fork mode-
2019-07-20T19:13:17: PM2 log: App [milkicons_:0] online
2019-07-20T19:13:18: PM2 log: App [milkicons_:0] exited with code [1] via signal [SIGINT]
2019-07-20T19:13:18: PM2 log: App [milkicons_:0] starting in -fork mode-
2019-07-20T19:13:18: PM2 log: App [milkicons_:0] online
2019-07-20T19:13:20: PM2 log: App [milkicons_:0] exited with code [1] via signal [SIGINT]
2019-07-20T19:13:20: PM2 log: App [milkicons_:0] starting in -fork mode-
2019-07-20T19:13:20: PM2 log: App [milkicons_:0] online
2019-07-20T19:13:23: PM2 log: App [milkicons_:0] exited with code [1] via signal [SIGINT]
2019-07-20T19:13:23: PM2 log: App [milkicons_:0] starting in -fork mode-
2019-07-20T19:13:23: PM2 log: App [milkicons_:0] online
2019-07-20T19:13:25: PM2 log: App [milkicons_:0] exited with code [1] via signal [SIGINT]
2019-07-20T19:13:25: PM2 log: App [milkicons_:0] starting in -fork mode-
2019-07-20T19:13:25: PM2 log: App [milkicons_:0] online
2019-07-20T19:13:27: PM2 log: App [milkicons_:0] exited with code [1] via signal [SIGINT]
2019-07-20T19:13:27: PM2 log: App [milkicons_:0] starting in -fork mode-
2019-07-20T19:13:27: PM2 log: App [milkicons_:0] online
2019-07-20T19:13:30: PM2 log: App [milkicons_:0] exited with code [1] via signal [SIGINT]
2019-07-20T19:13:30: PM2 log: App [milkicons_:0] starting in -fork mode-
2019-07-20T19:13:30: PM2 log: App [milkicons_:0] online
2019-07-20T19:13:32: PM2 log: App [milkicons_:0] exited with code [1] via signal [SIGINT]
2019-07-20T19:13:32: PM2 log: App [milkicons_:0] starting in -fork mode-
2019-07-20T19:13:32: PM2 log: App [milkicons_:0] online
2019-07-20T19:13:35: PM2 log: App [milkicons_:0] exited with code [1] via signal [SIGINT]
2019-07-20T19:13:35: PM2 log: App [milkicons_:0] starting in -fork mode-
2019-07-20T19:13:35: PM2 log: App [milkicons_:0] online
2019-07-20T19:13:37: PM2 log: App [milkicons_:0] exited with code [1] via signal [SIGINT]
2019-07-20T19:13:37: PM2 log: App [milkicons_:0] starting in -fork mode-
2019-07-20T19:13:37: PM2 log: App [milkicons_:0] online
2019-07-20T19:13:39: PM2 log: App [milkicons_:0] exited with code [1] via signal [SIGINT]
2019-07-20T19:13:39: PM2 log: App [milkicons_:0] starting in -fork mode-
2019-07-20T19:13:39: PM2 log: App [milkicons_:0] online
2019-07-20T19:13:42: PM2 log: App [milkicons_:0] exited with code [1] via signal [SIGINT]
2019-07-20T19:13:42: PM2 log: App [milkicons_:0] starting in -fork mode-
2019-07-20T19:13:42: PM2 log: App [milkicons_:0] online
2019-07-20T19:13:44: PM2 log: App [milkicons_:0] exited with code [1] via signal [SIGINT]
2019-07-20T19:13:44: PM2 log: App [milkicons_:0] starting in -fork mode-
2019-07-20T19:13:44: PM2 log: App [milkicons_:0] online
2019-07-20T19:13:46: PM2 log: App [milkicons_:0] exited with code [1] via signal [SIGINT]
2019-07-20T19:13:46: PM2 log: App [milkicons_:0] starting in -fork mode-
2019-07-20T19:13:46: PM2 log: App [milkicons_:0] online
2019-07-20T19:13:48: PM2 log: App [milkicons_:0] exited with code [1] via signal [SIGINT]
2019-07-20T19:13:48: PM2 log: App [milkicons_:0] starting in -fork mode-
2019-07-20T19:13:48: PM2 log: App [milkicons_:0] online
2019-07-20T19:13:51: PM2 log: App [milkicons_:0] exited with code [1] via signal [SIGINT]
2019-07-20T19:13:51: PM2 log: App [milkicons_:0] starting in -fork mode-
2019-07-20T19:13:51: PM2 log: App [milkicons_:0] online
2019-07-20T19:14:11: PM2 log: App [milkicons_:0] exited with code [0] via signal [SIGABRT]
2019-07-20T19:14:11: PM2 log: App [milkicons_:0] starting in -fork mode-
2019-07-20T19:14:11: PM2 log: App [milkicons_:0] online
2019-07-20T19:14:14: PM2 log: App [milkicons_:0] exited with code [1] via signal [SIGINT]
2019-07-20T19:14:14: PM2 log: App [milkicons_:0] starting in -fork mode-
2019-07-20T19:14:14: PM2 log: App [milkicons_:0] online
2019-07-20T19:14:16: PM2 log: App [milkicons_:0] exited with code [1] via signal [SIGINT]
2019-07-20T19:14:16: PM2 log: App [milkicons_:0] starting in -fork mode-
2019-07-20T19:14:16: PM2 log: App [milkicons_:0] online
2019-07-20T19:14:18: PM2 log: App [milkicons_:0] exited with code [1] via signal [SIGINT]
2019-07-20T19:14:18: PM2 log: App [milkicons_:0] starting in -fork mode-
2019-07-20T19:14:18: PM2 log: App [milkicons_:0] online
2019-07-20T19:14:19: PM2 log: App [milkicons_:0] exited with code [1] via signal [SIGINT]
2019-07-20T19:14:19: PM2 log: App [milkicons_:0] starting in -fork mode-
2019-07-20T19:14:19: PM2 log: App [milkicons_:0] online
2019-07-20T19:14:20: PM2 log: App [milkicons_:0] exited with code [1] via signal [SIGINT]
2019-07-20T19:14:20: PM2 log: App [milkicons_:0] starting in -fork mode-
2019-07-20T19:14:20: PM2 log: App [milkicons_:0] online
2019-07-20T19:14:21: PM2 log: App [milkicons_:0] exited with code [1] via signal [SIGINT]
2019-07-20T19:14:21: PM2 log: App [milkicons_:0] starting in -fork mode-
2019-07-20T19:14:21: PM2 log: App [milkicons_:0] online
2019-07-20T19:14:22: PM2 log: App [milkicons_:0] exited with code [1] via signal [SIGINT]
2019-07-20T19:14:22: PM2 log: App [milkicons_:0] starting in -fork mode-
2019-07-20T19:14:22: PM2 log: App [milkicons_:0] online
2019-07-20T19:14:23: PM2 log: App [milkicons_:0] exited with code [1] via signal [SIGINT]
2019-07-20T19:14:23: PM2 log: App [milkicons_:0] starting in -fork mode-
2019-07-20T19:14:23: PM2 log: App [milkicons_:0] online
2019-07-20T19:14:25: PM2 log: App [milkicons_:0] exited with code [1] via signal [SIGINT]
2019-07-20T19:14:25: PM2 log: App [milkicons_:0] starting in -fork mode-
2019-07-20T19:14:25: PM2 log: App [milkicons_:0] online
2019-07-20T19:14:26: PM2 log: App [milkicons_:0] exited with code [1] via signal [SIGINT]
2019-07-20T19:14:26: PM2 log: App [milkicons_:0] starting in -fork mode-
2019-07-20T19:14:26: PM2 log: App [milkicons_:0] online
2019-07-20T19:14:27: PM2 log: App [milkicons_:0] exited with code [1] via signal [SIGINT]
2019-07-20T19:14:27: PM2 log: App [milkicons_:0] starting in -fork mode-
2019-07-20T19:14:27: PM2 log: App [milkicons_:0] online
2019-07-20T19:14:28: PM2 log: App [milkicons_:0] exited with code [1] via signal [SIGINT]
2019-07-20T19:14:28: PM2 log: App [milkicons_:0] starting in -fork mode-
2019-07-20T19:14:28: PM2 log: App [milkicons_:0] online
2019-07-20T19:14:29: PM2 log: App [milkicons_:0] exited with code [1] via signal [SIGINT]
2019-07-20T19:14:29: PM2 log: App [milkicons_:0] starting in -fork mode-
2019-07-20T19:14:29: PM2 log: App [milkicons_:0] online
2019-07-20T19:14:30: PM2 log: App [milkicons_:0] exited with code [1] via signal [SIGINT]
2019-07-20T19:14:30: PM2 log: App [milkicons_:0] starting in -fork mode-
2019-07-20T19:14:30: PM2 log: App [milkicons_:0] online
2019-07-20T19:14:31: PM2 log: App [milkicons_:0] exited with code [1] via signal [SIGINT]
2019-07-20T19:14:31: PM2 log: App [milkicons_:0] starting in -fork mode-
2019-07-20T19:14:31: PM2 log: App [milkicons_:0] online
2019-07-20T19:14:32: PM2 log: App [milkicons_:0] exited with code [1] via signal [SIGINT]
2019-07-20T19:14:32: PM2 log: App [milkicons_:0] starting in -fork mode-
2019-07-20T19:14:32: PM2 log: App [milkicons_:0] online
2019-07-20T19:14:33: PM2 log: App [milkicons_:0] exited with code [1] via signal [SIGINT]
2019-07-20T19:14:33: PM2 log: App [milkicons_:0] starting in -fork mode-
2019-07-20T19:14:33: PM2 log: App [milkicons_:0] online
2019-07-20T19:14:34: PM2 log: App [milkicons_:0] exited with code [1] via signal [SIGINT]
2019-07-20T19:14:34: PM2 log: App [milkicons_:0] starting in -fork mode-
2019-07-20T19:14:34: PM2 log: App [milkicons_:0] online
2019-07-20T19:14:35: PM2 log: App [milkicons_:0] exited with code [1] via signal [SIGINT]
2019-07-20T19:14:35: PM2 log: App [milkicons_:0] starting in -fork mode-
2019-07-20T19:14:35: PM2 log: App [milkicons_:0] online
2019-07-20T19:14:36: PM2 log: App [milkicons_:0] exited with code [1] via signal [SIGINT]
2019-07-20T19:14:36: PM2 log: App [milkicons_:0] starting in -fork mode-
2019-07-20T19:14:36: PM2 log: App [milkicons_:0] online
2019-07-20T19:14:37: PM2 log: App [milkicons_:0] exited with code [1] via signal [SIGINT]
2019-07-20T19:14:37: PM2 log: App [milkicons_:0] starting in -fork mode-
2019-07-20T19:14:37: PM2 log: App [milkicons_:0] online
2019-07-20T19:14:38: PM2 log: App [milkicons_:0] exited with code [1] via signal [SIGINT]
2019-07-20T19:14:38: PM2 log: App [milkicons_:0] starting in -fork mode-
2019-07-20T19:14:38: PM2 log: App [milkicons_:0] online
2019-07-20T19:14:39: PM2 log: App [milkicons_:0] exited with code [1] via signal [SIGINT]
2019-07-20T19:14:39: PM2 log: App [milkicons_:0] starting in -fork mode-
2019-07-20T19:14:39: PM2 log: App [milkicons_:0] online
2019-07-20T19:14:40: PM2 log: App [milkicons_:0] exited with code [1] via signal [SIGINT]
2019-07-20T19:14:40: PM2 log: App [milkicons_:0] starting in -fork mode-
2019-07-20T19:14:40: PM2 log: App [milkicons_:0] online
2019-07-20T19:14:41: PM2 log: App [milkicons_:0] exited with code [1] via signal [SIGINT]
2019-07-20T19:14:41: PM2 log: App [milkicons_:0] starting in -fork mode-
2019-07-20T19:14:41: PM2 log: App [milkicons_:0] online
2019-07-20T19:14:42: PM2 log: App [milkicons_:0] exited with code [1] via signal [SIGINT]
2019-07-20T19:14:42: PM2 log: App [milkicons_:0] starting in -fork mode-
2019-07-20T19:14:42: PM2 log: App [milkicons_:0] online
2019-07-20T19:14:43: PM2 log: App [milkicons_:0] exited with code [1] via signal [SIGINT]
2019-07-20T19:14:43: PM2 log: App [milkicons_:0] starting in -fork mode-
2019-07-20T19:14:43: PM2 log: App [milkicons_:0] online
2019-07-20T19:14:44: PM2 log: App [milkicons_:0] exited with code [1] via signal [SIGINT]
2019-07-20T19:14:44: PM2 log: App [milkicons_:0] starting in -fork mode-
2019-07-20T19:14:44: PM2 log: App [milkicons_:0] online
2019-07-20T19:14:45: PM2 log: App [milkicons_:0] exited with code [1] via signal [SIGINT]
2019-07-20T19:14:45: PM2 log: App [milkicons_:0] starting in -fork mode-
2019-07-20T19:14:45: PM2 log: App [milkicons_:0] online
2019-07-20T19:14:46: PM2 log: App [milkicons_:0] exited with code [1] via signal [SIGINT]
2019-07-20T19:14:46: PM2 log: App [milkicons_:0] starting in -fork mode-
2019-07-20T19:14:46: PM2 log: App [milkicons_:0] online
2019-07-20T19:14:48: PM2 log: App [milkicons_:0] exited with code [1] via signal [SIGINT]
2019-07-20T19:14:48: PM2 log: App [milkicons_:0] starting in -fork mode-
2019-07-20T19:14:48: PM2 log: App [milkicons_:0] online
2019-07-20T19:14:51: PM2 log: App [milkicons_:0] exited with code [1] via signal [SIGINT]
2019-07-20T19:14:51: PM2 log: App [milkicons_:0] starting in -fork mode-
2019-07-20T19:14:51: PM2 log: App [milkicons_:0] online
2019-07-20T19:14:52: PM2 log: App [milkicons_:0] exited with code [1] via signal [SIGINT]
2019-07-20T19:14:52: PM2 log: App [milkicons_:0] starting in -fork mode-
2019-07-20T19:14:52: PM2 log: App [milkicons_:0] online
2019-07-20T19:14:53: PM2 log: App [milkicons_:0] exited with code [1] via signal [SIGINT]
2019-07-20T19:14:53: PM2 log: App [milkicons_:0] starting in -fork mode-
2019-07-20T19:14:53: PM2 log: App [milkicons_:0] online
2019-07-20T19:14:54: PM2 log: App [milkicons_:0] exited with code [1] via signal [SIGINT]
2019-07-20T19:14:54: PM2 log: App [milkicons_:0] starting in -fork mode-
2019-07-20T19:14:54: PM2 log: App [milkicons_:0] online
2019-07-20T19:14:55: PM2 log: App [milkicons_:0] exited with code [1] via signal [SIGINT]
2019-07-20T19:14:55: PM2 log: App [milkicons_:0] starting in -fork mode-
2019-07-20T19:14:55: PM2 log: App [milkicons_:0] online
2019-07-20T19:14:56: PM2 log: App [milkicons_:0] exited with code [1] via signal [SIGINT]
2019-07-20T19:14:56: PM2 log: App [milkicons_:0] starting in -fork mode-
2019-07-20T19:14:56: PM2 log: App [milkicons_:0] online
2019-07-20T19:14:57: PM2 log: App [milkicons_:0] exited with code [1] via signal [SIGINT]
2019-07-20T19:14:57: PM2 log: App [milkicons_:0] starting in -fork mode-
2019-07-20T19:14:57: PM2 log: App [milkicons_:0] online
2019-07-20T19:14:58: PM2 log: App [milkicons_:0] exited with code [1] via signal [SIGINT]
2019-07-20T19:14:58: PM2 log: App [milkicons_:0] starting in -fork mode-
2019-07-20T19:14:58: PM2 log: App [milkicons_:0] online
2019-07-20T19:14:59: PM2 log: App [milkicons_:0] exited with code [1] via signal [SIGINT]
2019-07-20T19:14:59: PM2 log: App [milkicons_:0] starting in -fork mode-
2019-07-20T19:14:59: PM2 log: App [milkicons_:0] online
2019-07-20T19:15:00: PM2 log: App [milkicons_:0] exited with code [1] via signal [SIGINT]
2019-07-20T19:15:00: PM2 log: App [milkicons_:0] starting in -fork mode-
2019-07-20T19:15:00: PM2 log: App [milkicons_:0] online
2019-07-20T19:15:01: PM2 log: App [milkicons_:0] exited with code [1] via signal [SIGINT]
2019-07-20T19:15:01: PM2 log: App [milkicons_:0] starting in -fork mode-
2019-07-20T19:15:01: PM2 log: App [milkicons_:0] online
2019-07-20T19:15:02: PM2 log: App [milkicons_:0] exited with code [1] via signal [SIGINT]
2019-07-20T19:15:02: PM2 log: App [milkicons_:0] starting in -fork mode-
2019-07-20T19:15:02: PM2 log: App [milkicons_:0] online
2019-07-20T19:15:03: PM2 log: App [milkicons_:0] exited with code [1] via signal [SIGINT]
2019-07-20T19:15:03: PM2 log: App [milkicons_:0] starting in -fork mode-
2019-07-20T19:15:03: PM2 log: App [milkicons_:0] online
2019-07-20T19:15:04: PM2 log: App [milkicons_:0] exited with code [1] via signal [SIGINT]
2019-07-20T19:15:04: PM2 log: App [milkicons_:0] starting in -fork mode-
2019-07-20T19:15:04: PM2 log: App [milkicons_:0] online
2019-07-20T19:15:05: PM2 log: App [milkicons_:0] exited with code [1] via signal [SIGINT]
2019-07-20T19:15:05: PM2 log: App [milkicons_:0] starting in -fork mode-
2019-07-20T19:15:05: PM2 log: App [milkicons_:0] online
2019-07-20T19:15:06: PM2 log: App [milkicons_:0] exited with code [1] via signal [SIGINT]
2019-07-20T19:15:06: PM2 log: App [milkicons_:0] starting in -fork mode-
2019-07-20T19:15:06: PM2 log: App [milkicons_:0] online
2019-07-20T19:15:07: PM2 log: App [milkicons_:0] exited with code [1] via signal [SIGINT]
2019-07-20T19:15:07: PM2 log: App [milkicons_:0] starting in -fork mode-
2019-07-20T19:15:07: PM2 log: App [milkicons_:0] online
2019-07-20T19:15:08: PM2 log: App [milkicons_:0] exited with code [1] via signal [SIGINT]
2019-07-20T19:15:08: PM2 log: App [milkicons_:0] starting in -fork mode-
2019-07-20T19:15:08: PM2 log: App [milkicons_:0] online
2019-07-20T19:15:10: PM2 log: App [milkicons_:0] exited with code [1] via signal [SIGINT]
2019-07-20T19:15:10: PM2 log: App [milkicons_:0] starting in -fork mode-
2019-07-20T19:15:10: PM2 log: App [milkicons_:0] online
2019-07-20T19:15:12: PM2 log: App [milkicons_:0] exited with code [1] via signal [SIGINT]
2019-07-20T19:15:12: PM2 log: App [milkicons_:0] starting in -fork mode-
2019-07-20T19:15:12: PM2 log: App [milkicons_:0] online
2019-07-20T19:15:14: PM2 log: App [milkicons_:0] exited with code [1] via signal [SIGINT]
2019-07-20T19:15:14: PM2 log: App [milkicons_:0] starting in -fork mode-
2019-07-20T19:15:14: PM2 log: App [milkicons_:0] online
2019-07-20T19:15:16: PM2 log: App [milkicons_:0] exited with code [1] via signal [SIGINT]
2019-07-20T19:15:16: PM2 log: App [milkicons_:0] starting in -fork mode-
2019-07-20T19:15:16: PM2 log: App [milkicons_:0] online
2019-07-20T19:15:18: PM2 log: App [milkicons_:0] exited with code [1] via signal [SIGINT]
2019-07-20T19:15:18: PM2 log: App [milkicons_:0] starting in -fork mode-
2019-07-20T19:15:18: PM2 log: App [milkicons_:0] online
2019-07-20T19:15:21: PM2 log: App [milkicons_:0] exited with code [1] via signal [SIGINT]
2019-07-20T19:15:21: PM2 log: App [milkicons_:0] starting in -fork mode-
2019-07-20T19:15:21: PM2 log: App [milkicons_:0] online
2019-07-20T19:15:23: PM2 log: App [milkicons_:0] exited with code [1] via signal [SIGINT]
2019-07-20T19:15:23: PM2 log: App [milkicons_:0] starting in -fork mode-
2019-07-20T19:15:23: PM2 log: App [milkicons_:0] online
2019-07-20T19:15:26: PM2 log: App [milkicons_:0] exited with code [1] via signal [SIGINT]
2019-07-20T19:15:26: PM2 log: App [milkicons_:0] starting in -fork mode-
2019-07-20T19:15:26: PM2 log: App [milkicons_:0] online
2019-07-20T19:15:28: PM2 log: App [milkicons_:0] exited with code [1] via signal [SIGINT]
2019-07-20T19:15:28: PM2 log: App [milkicons_:0] starting in -fork mode-
2019-07-20T19:15:28: PM2 log: App [milkicons_:0] online
2019-07-20T19:15:30: PM2 log: App [milkicons_:0] exited with code [1] via signal [SIGINT]
2019-07-20T19:15:30: PM2 log: App [milkicons_:0] starting in -fork mode-
2019-07-20T19:15:30: PM2 log: App [milkicons_:0] online
2019-07-20T19:15:33: PM2 log: App [milkicons_:0] exited with code [1] via signal [SIGINT]
2019-07-20T19:15:33: PM2 log: App [milkicons_:0] starting in -fork mode-
2019-07-20T19:15:33: PM2 log: App [milkicons_:0] online
2019-07-20T19:15:35: PM2 log: App [milkicons_:0] exited with code [1] via signal [SIGINT]
2019-07-20T19:15:35: PM2 log: App [milkicons_:0] starting in -fork mode-
2019-07-20T19:15:35: PM2 log: App [milkicons_:0] online
2019-07-20T19:15:37: PM2 log: App [milkicons_:0] exited with code [1] via signal [SIGINT]
2019-07-20T19:15:37: PM2 log: App [milkicons_:0] starting in -fork mode-
2019-07-20T19:15:37: PM2 log: App [milkicons_:0] online
2019-07-20T19:15:39: PM2 log: App [milkicons_:0] exited with code [1] via signal [SIGINT]
2019-07-20T19:15:39: PM2 log: App [milkicons_:0] starting in -fork mode-
2019-07-20T19:15:39: PM2 log: App [milkicons_:0] online
2019-07-20T19:15:41: PM2 log: App [milkicons_:0] exited with code [1] via signal [SIGINT]
2019-07-20T19:15:41: PM2 log: App [milkicons_:0] starting in -fork mode-
2019-07-20T19:15:41: PM2 log: App [milkicons_:0] online
2019-07-20T19:15:44: PM2 log: App [milkicons_:0] exited with code [1] via signal [SIGINT]
2019-07-20T19:15:44: PM2 log: App [milkicons_:0] starting in -fork mode-
2019-07-20T19:15:44: PM2 log: App [milkicons_:0] online
2019-07-20T19:15:46: PM2 log: App [milkicons_:0] exited with code [1] via signal [SIGINT]
2019-07-20T19:15:46: PM2 log: App [milkicons_:0] starting in -fork mode-
2019-07-20T19:15:46: PM2 log: App [milkicons_:0] online
2019-07-20T19:15:49: PM2 log: App [milkicons_:0] exited with code [1] via signal [SIGINT]
2019-07-20T19:15:49: PM2 log: App [milkicons_:0] starting in -fork mode-
2019-07-20T19:15:49: PM2 log: App [milkicons_:0] online
2019-07-20T19:15:52: PM2 log: App [milkicons_:0] exited with code [1] via signal [SIGINT]
2019-07-20T19:15:52: PM2 log: App [milkicons_:0] starting in -fork mode-
2019-07-20T19:15:52: PM2 log: App [milkicons_:0] online
2019-07-20T19:15:54: PM2 log: App [milkicons_:0] exited with code [1] via signal [SIGINT]
2019-07-20T19:15:54: PM2 log: App [milkicons_:0] starting in -fork mode-
2019-07-20T19:15:54: PM2 log: App [milkicons_:0] online
2019-07-20T19:15:57: PM2 log: App [milkicons_:0] exited with code [1] via signal [SIGINT]
2019-07-20T19:15:57: PM2 log: App [milkicons_:0] starting in -fork mode-
2019-07-20T19:15:57: PM2 log: App [milkicons_:0] online
2019-07-20T19:16:00: PM2 log: App [milkicons_:0] exited with code [1] via signal [SIGINT]
2019-07-20T19:16:00: PM2 log: App [milkicons_:0] starting in -fork mode-
2019-07-20T19:16:00: PM2 log: App [milkicons_:0] online
2019-07-20T19:16:02: PM2 log: App [milkicons_:0] exited with code [1] via signal [SIGINT]
2019-07-20T19:16:02: PM2 log: App [milkicons_:0] starting in -fork mode-
2019-07-20T19:16:02: PM2 log: App [milkicons_:0] online
2019-07-20T19:16:05: PM2 log: App [milkicons_:0] exited with code [1] via signal [SIGINT]
2019-07-20T19:16:05: PM2 log: App [milkicons_:0] starting in -fork mode-
2019-07-20T19:16:05: PM2 log: App [milkicons_:0] online
2019-07-20T19:16:07: PM2 log: App [milkicons_:0] exited with code [1] via signal [SIGINT]
2019-07-20T19:16:07: PM2 log: App [milkicons_:0] starting in -fork mode-
2019-07-20T19:16:07: PM2 log: App [milkicons_:0] online
2019-07-20T19:16:09: PM2 log: App [milkicons_:0] exited with code [1] via signal [SIGINT]
2019-07-20T19:16:09: PM2 log: App [milkicons_:0] starting in -fork mode-
2019-07-20T19:16:10: PM2 log: App [milkicons_:0] online
2019-07-20T19:16:11: PM2 log: App [milkicons_:0] exited with code [1] via signal [SIGINT]
2019-07-20T19:16:11: PM2 log: App [milkicons_:0] starting in -fork mode-
2019-07-20T19:16:11: PM2 log: App [milkicons_:0] online
2019-07-20T19:16:13: PM2 log: App [milkicons_:0] exited with code [1] via signal [SIGINT]
2019-07-20T19:16:13: PM2 log: App [milkicons_:0] starting in -fork mode-
2019-07-20T19:16:13: PM2 log: App [milkicons_:0] online
2019-07-20T19:16:14: PM2 log: App [milkicons_:0] exited with code [1] via signal [SIGINT]
2019-07-20T19:16:14: PM2 log: App [milkicons_:0] starting in -fork mode-
2019-07-20T19:16:14: PM2 log: App [milkicons_:0] online
2019-07-20T19:16:15: PM2 log: App [milkicons_:0] exited with code [1] via signal [SIGINT]
2019-07-20T19:16:15: PM2 log: App [milkicons_:0] starting in -fork mode-
2019-07-20T19:16:15: PM2 log: App [milkicons_:0] online
2019-07-20T19:16:16: PM2 log: App [milkicons_:0] exited with code [1] via signal [SIGINT]
2019-07-20T19:16:16: PM2 log: App [milkicons_:0] starting in -fork mode-
2019-07-20T19:16:16: PM2 log: App [milkicons_:0] online
2019-07-20T19:16:17: PM2 log: App [milkicons_:0] exited with code [1] via signal [SIGINT]
2019-07-20T19:16:17: PM2 log: App [milkicons_:0] starting in -fork mode-
2019-07-20T19:16:17: PM2 log: App [milkicons_:0] online
2019-07-20T19:16:18: PM2 log: App [milkicons_:0] exited with code [1] via signal [SIGINT]
2019-07-20T19:16:18: PM2 log: App [milkicons_:0] starting in -fork mode-
2019-07-20T19:16:18: PM2 log: App [milkicons_:0] online
2019-07-20T19:16:19: PM2 log: App [milkicons_:0] exited with code [1] via signal [SIGINT]
2019-07-20T19:16:19: PM2 log: App [milkicons_:0] starting in -fork mode-
2019-07-20T19:16:19: PM2 log: App [milkicons_:0] online
2019-07-20T19:16:20: PM2 log: App [milkicons_:0] exited with code [1] via signal [SIGINT]
2019-07-20T19:16:20: PM2 log: App [milkicons_:0] starting in -fork mode-
2019-07-20T19:16:20: PM2 log: App [milkicons_:0] online
2019-07-20T19:16:21: PM2 log: App [milkicons_:0] exited with code [1] via signal [SIGINT]
2019-07-20T19:16:21: PM2 log: App [milkicons_:0] starting in -fork mode-
2019-07-20T19:16:21: PM2 log: App [milkicons_:0] online
2019-07-20T19:16:22: PM2 log: App [milkicons_:0] exited with code [1] via signal [SIGINT]
2019-07-20T19:16:22: PM2 log: App [milkicons_:0] starting in -fork mode-
2019-07-20T19:16:22: PM2 log: App [milkicons_:0] online
2019-07-20T19:16:23: PM2 log: App [milkicons_:0] exited with code [1] via signal [SIGINT]
2019-07-20T19:16:23: PM2 log: App [milkicons_:0] starting in -fork mode-
2019-07-20T19:16:23: PM2 log: App [milkicons_:0] online
2019-07-20T19:16:24: PM2 log: App [milkicons_:0] exited with code [1] via signal [SIGINT]
2019-07-20T19:16:24: PM2 log: App [milkicons_:0] starting in -fork mode-
2019-07-20T19:16:24: PM2 log: App [milkicons_:0] online
2019-07-20T19:16:25: PM2 log: App [milkicons_:0] exited with code [1] via signal [SIGINT]
2019-07-20T19:16:25: PM2 log: App [milkicons_:0] starting in -fork mode-
2019-07-20T19:16:25: PM2 log: App [milkicons_:0] online
2019-07-20T19:16:26: PM2 log: App [milkicons_:0] exited with code [1] via signal [SIGINT]
2019-07-20T19:16:26: PM2 log: App [milkicons_:0] starting in -fork mode-
2019-07-20T19:16:26: PM2 log: App [milkicons_:0] online
2019-07-20T19:16:27: PM2 log: App [milkicons_:0] exited with code [1] via signal [SIGINT]
2019-07-20T19:16:27: PM2 log: App [milkicons_:0] starting in -fork mode-
2019-07-20T19:16:27: PM2 log: App [milkicons_:0] online
2019-07-20T19:16:28: PM2 log: App [milkicons_:0] exited with code [1] via signal [SIGINT]
2019-07-20T19:16:28: PM2 log: App [milkicons_:0] starting in -fork mode-
2019-07-20T19:16:28: PM2 log: App [milkicons_:0] online
2019-07-20T19:16:29: PM2 log: App [milkicons_:0] exited with code [1] via signal [SIGINT]
2019-07-20T19:16:29: PM2 log: App [milkicons_:0] starting in -fork mode-
2019-07-20T19:16:29: PM2 log: App [milkicons_:0] online
2019-07-20T19:16:31: PM2 log: App [milkicons_:0] exited with code [1] via signal [SIGINT]
2019-07-20T19:16:31: PM2 log: App [milkicons_:0] starting in -fork mode-
2019-07-20T19:16:31: PM2 log: App [milkicons_:0] online
2019-07-20T19:16:32: PM2 log: App [milkicons_:0] exited with code [1] via signal [SIGINT]
2019-07-20T19:16:32: PM2 log: App [milkicons_:0] starting in -fork mode-
2019-07-20T19:16:32: PM2 log: App [milkicons_:0] online
2019-07-20T19:16:33: PM2 log: App [milkicons_:0] exited with code [1] via signal [SIGINT]
2019-07-20T19:16:33: PM2 log: App [milkicons_:0] starting in -fork mode-
2019-07-20T19:16:33: PM2 log: App [milkicons_:0] online
2019-07-20T19:16:34: PM2 log: App [milkicons_:0] exited with code [1] via signal [SIGINT]
2019-07-20T19:16:34: PM2 log: App [milkicons_:0] starting in -fork mode-
2019-07-20T19:16:34: PM2 log: App [milkicons_:0] online
2019-07-20T19:16:35: PM2 log: App [milkicons_:0] exited with code [1] via signal [SIGINT]
2019-07-20T19:16:35: PM2 log: App [milkicons_:0] starting in -fork mode-
2019-07-20T19:16:35: PM2 log: App [milkicons_:0] online
2019-07-20T19:16:36: PM2 log: App [milkicons_:0] exited with code [1] via signal [SIGINT]
2019-07-20T19:16:36: PM2 log: App [milkicons_:0] starting in -fork mode-
2019-07-20T19:16:36: PM2 log: App [milkicons_:0] online
2019-07-20T19:16:37: PM2 log: App [milkicons_:0] exited with code [1] via signal [SIGINT]
2019-07-20T19:16:37: PM2 log: App [milkicons_:0] starting in -fork mode-
2019-07-20T19:16:37: PM2 log: App [milkicons_:0] online
2019-07-20T19:16:38: PM2 log: App [milkicons_:0] exited with code [1] via signal [SIGINT]
2019-07-20T19:16:38: PM2 log: App [milkicons_:0] starting in -fork mode-
2019-07-20T19:16:38: PM2 log: App [milkicons_:0] online
2019-07-20T19:16:39: PM2 log: App [milkicons_:0] exited with code [1] via signal [SIGINT]
2019-07-20T19:16:39: PM2 log: App [milkicons_:0] starting in -fork mode-
2019-07-20T19:16:39: PM2 log: App [milkicons_:0] online
2019-07-20T19:16:40: PM2 log: App [milkicons_:0] exited with code [1] via signal [SIGINT]
2019-07-20T19:16:40: PM2 log: App [milkicons_:0] starting in -fork mode-
2019-07-20T19:16:40: PM2 log: App [milkicons_:0] online
2019-07-20T19:16:41: PM2 log: App [milkicons_:0] exited with code [1] via signal [SIGINT]
2019-07-20T19:16:41: PM2 log: App [milkicons_:0] starting in -fork mode-
2019-07-20T19:16:41: PM2 log: App [milkicons_:0] online
2019-07-20T19:16:42: PM2 log: App [milkicons_:0] exited with code [1] via signal [SIGINT]
2019-07-20T19:16:42: PM2 log: App [milkicons_:0] starting in -fork mode-
2019-07-20T19:16:42: PM2 log: App [milkicons_:0] online
2019-07-20T19:16:43: PM2 log: App [milkicons_:0] exited with code [1] via signal [SIGINT]
2019-07-20T19:16:43: PM2 log: App [milkicons_:0] starting in -fork mode-
2019-07-20T19:16:43: PM2 log: App [milkicons_:0] online
2019-07-20T19:16:44: PM2 log: App [milkicons_:0] exited with code [1] via signal [SIGINT]
2019-07-20T19:16:44: PM2 log: App [milkicons_:0] starting in -fork mode-
2019-07-20T19:16:44: PM2 log: App [milkicons_:0] online
2019-07-20T19:16:45: PM2 log: App [milkicons_:0] exited with code [1] via signal [SIGINT]
2019-07-20T19:16:45: PM2 log: App [milkicons_:0] starting in -fork mode-
2019-07-20T19:16:45: PM2 log: App [milkicons_:0] online
2019-07-20T19:16:46: PM2 log: App [milkicons_:0] exited with code [1] via signal [SIGINT]
2019-07-20T19:16:46: PM2 log: App [milkicons_:0] starting in -fork mode-
2019-07-20T19:16:46: PM2 log: App [milkicons_:0] online
2019-07-20T19:16:47: PM2 log: App [milkicons_:0] exited with code [1] via signal [SIGINT]
2019-07-20T19:16:47: PM2 log: App [milkicons_:0] starting in -fork mode-
2019-07-20T19:16:47: PM2 log: App [milkicons_:0] online
2019-07-20T19:16:48: PM2 log: App [milkicons_:0] exited with code [1] via signal [SIGINT]
2019-07-20T19:16:48: PM2 log: App [milkicons_:0] starting in -fork mode-
2019-07-20T19:16:48: PM2 log: App [milkicons_:0] online
2019-07-20T19:16:49: PM2 log: App [milkicons_:0] exited with code [1] via signal [SIGINT]
2019-07-20T19:16:49: PM2 log: App [milkicons_:0] starting in -fork mode-
2019-07-20T19:16:49: PM2 log: App [milkicons_:0] online
2019-07-20T19:16:51: PM2 log: App [milkicons_:0] exited with code [1] via signal [SIGINT]
2019-07-20T19:16:51: PM2 log: App [milkicons_:0] starting in -fork mode-
2019-07-20T19:16:51: PM2 log: App [milkicons_:0] online
2019-07-20T19:16:52: PM2 log: App [milkicons_:0] exited with code [1] via signal [SIGINT]
2019-07-20T19:16:52: PM2 log: App [milkicons_:0] starting in -fork mode-
2019-07-20T19:16:52: PM2 log: App [milkicons_:0] online
2019-07-20T19:16:53: PM2 log: App [milkicons_:0] exited with code [1] via signal [SIGINT]
2019-07-20T19:16:53: PM2 log: App [milkicons_:0] starting in -fork mode-
2019-07-20T19:16:53: PM2 log: App [milkicons_:0] online
2019-07-20T19:16:54: PM2 log: App [milkicons_:0] exited with code [1] via signal [SIGINT]
2019-07-20T19:16:54: PM2 log: App [milkicons_:0] starting in -fork mode-
2019-07-20T19:16:54: PM2 log: App [milkicons_:0] online
2019-07-20T19:16:55: PM2 log: App [milkicons_:0] exited with code [1] via signal [SIGINT]
2019-07-20T19:16:55: PM2 log: App [milkicons_:0] starting in -fork mode-
2019-07-20T19:16:55: PM2 log: App [milkicons_:0] online
2019-07-20T19:16:56: PM2 log: App [milkicons_:0] exited with code [1] via signal [SIGINT]
2019-07-20T19:16:56: PM2 log: App [milkicons_:0] starting in -fork mode-
2019-07-20T19:16:56: PM2 log: App [milkicons_:0] online
2019-07-20T19:16:57: PM2 log: App [milkicons_:0] exited with code [1] via signal [SIGINT]
2019-07-20T19:16:57: PM2 log: App [milkicons_:0] starting in -fork mode-
2019-07-20T19:16:57: PM2 log: App [milkicons_:0] online
2019-07-20T19:16:58: PM2 log: App [milkicons_:0] exited with code [1] via signal [SIGINT]
2019-07-20T19:16:58: PM2 log: App [milkicons_:0] starting in -fork mode-
2019-07-20T19:16:58: PM2 log: App [milkicons_:0] online
2019-07-20T19:16:59: PM2 log: App [milkicons_:0] exited with code [1] via signal [SIGINT]
2019-07-20T19:16:59: PM2 log: App [milkicons_:0] starting in -fork mode-
2019-07-20T19:16:59: PM2 log: App [milkicons_:0] online
2019-07-20T19:17:00: PM2 log: App [milkicons_:0] exited with code [1] via signal [SIGINT]
2019-07-20T19:17:00: PM2 log: App [milkicons_:0] starting in -fork mode-
2019-07-20T19:17:00: PM2 log: App [milkicons_:0] online
2019-07-20T19:17:01: PM2 log: App [milkicons_:0] exited with code [1] via signal [SIGINT]
2019-07-20T19:17:01: PM2 log: App [milkicons_:0] starting in -fork mode-
2019-07-20T19:17:01: PM2 log: App [milkicons_:0] online
2019-07-20T19:17:02: PM2 log: App [milkicons_:0] exited with code [1] via signal [SIGINT]
2019-07-20T19:17:02: PM2 log: App [milkicons_:0] starting in -fork mode-
2019-07-20T19:17:02: PM2 log: App [milkicons_:0] online
2019-07-20T19:17:03: PM2 log: App [milkicons_:0] exited with code [1] via signal [SIGINT]
2019-07-20T19:17:03: PM2 log: App [milkicons_:0] starting in -fork mode-
2019-07-20T19:17:03: PM2 log: App [milkicons_:0] online
2019-07-20T19:17:04: PM2 log: App [milkicons_:0] exited with code [1] via signal [SIGINT]
2019-07-20T19:17:04: PM2 log: App [milkicons_:0] starting in -fork mode-
2019-07-20T19:17:04: PM2 log: App [milkicons_:0] online
2019-07-20T19:17:05: PM2 log: App [milkicons_:0] exited with code [1] via signal [SIGINT]
2019-07-20T19:17:05: PM2 log: App [milkicons_:0] starting in -fork mode-
2019-07-20T19:17:05: PM2 log: App [milkicons_:0] online
2019-07-20T19:17:06: PM2 log: App [milkicons_:0] exited with code [1] via signal [SIGINT]
2019-07-20T19:17:06: PM2 log: App [milkicons_:0] starting in -fork mode-
2019-07-20T19:17:06: PM2 log: App [milkicons_:0] online
2019-07-20T19:17:07: PM2 log: App [milkicons_:0] exited with code [1] via signal [SIGINT]
2019-07-20T19:17:07: PM2 log: App [milkicons_:0] starting in -fork mode-
2019-07-20T19:17:07: PM2 log: App [milkicons_:0] online
2019-07-20T19:17:09: PM2 log: App [milkicons_:0] exited with code [1] via signal [SIGINT]
2019-07-20T19:17:09: PM2 log: App [milkicons_:0] starting in -fork mode-
2019-07-20T19:17:09: PM2 log: App [milkicons_:0] online
2019-07-20T19:17:10: PM2 log: App [milkicons_:0] exited with code [1] via signal [SIGINT]
2019-07-20T19:17:10: PM2 log: App [milkicons_:0] starting in -fork mode-
2019-07-20T19:17:10: PM2 log: App [milkicons_:0] online
2019-07-20T19:17:11: PM2 log: App [milkicons_:0] exited with code [1] via signal [SIGINT]
2019-07-20T19:17:11: PM2 log: App [milkicons_:0] starting in -fork mode-
2019-07-20T19:17:11: PM2 log: App [milkicons_:0] online
2019-07-20T19:17:12: PM2 log: App [milkicons_:0] exited with code [1] via signal [SIGINT]
2019-07-20T19:17:12: PM2 log: App [milkicons_:0] starting in -fork mode-
2019-07-20T19:17:12: PM2 log: App [milkicons_:0] online
2019-07-20T19:17:13: PM2 log: App [milkicons_:0] exited with code [1] via signal [SIGINT]
2019-07-20T19:17:13: PM2 log: App [milkicons_:0] starting in -fork mode-
2019-07-20T19:17:13: PM2 log: App [milkicons_:0] online
2019-07-20T19:17:14: PM2 log: App [milkicons_:0] exited with code [1] via signal [SIGINT]
2019-07-20T19:17:14: PM2 log: App [milkicons_:0] starting in -fork mode-
2019-07-20T19:17:14: PM2 log: App [milkicons_:0] online
2019-07-20T19:17:15: PM2 log: App [milkicons_:0] exited with code [1] via signal [SIGINT]
2019-07-20T19:17:15: PM2 log: App [milkicons_:0] starting in -fork mode-
2019-07-20T19:17:15: PM2 log: App [milkicons_:0] online
2019-07-20T19:17:16: PM2 log: App [milkicons_:0] exited with code [1] via signal [SIGINT]
2019-07-20T19:17:16: PM2 log: App [milkicons_:0] starting in -fork mode-
2019-07-20T19:17:16: PM2 log: App [milkicons_:0] online
2019-07-20T19:17:17: PM2 log: App [milkicons_:0] exited with code [1] via signal [SIGINT]
2019-07-20T19:17:17: PM2 log: App [milkicons_:0] starting in -fork mode-
2019-07-20T19:17:17: PM2 log: App [milkicons_:0] online
2019-07-20T19:17:18: PM2 log: App [milkicons_:0] exited with code [1] via signal [SIGINT]
2019-07-20T19:17:18: PM2 log: App [milkicons_:0] starting in -fork mode-
2019-07-20T19:17:18: PM2 log: App [milkicons_:0] online
2019-07-20T19:17:19: PM2 log: App [milkicons_:0] exited with code [1] via signal [SIGINT]
2019-07-20T19:17:19: PM2 log: App [milkicons_:0] starting in -fork mode-
2019-07-20T19:17:19: PM2 log: App [milkicons_:0] online
2019-07-20T19:17:20: PM2 log: App [milkicons_:0] exited with code [1] via signal [SIGINT]
2019-07-20T19:17:20: PM2 log: App [milkicons_:0] starting in -fork mode-
2019-07-20T19:17:20: PM2 log: App [milkicons_:0] online
2019-07-20T19:17:21: PM2 log: App [milkicons_:0] exited with code [1] via signal [SIGINT]
2019-07-20T19:17:21: PM2 log: App [milkicons_:0] starting in -fork mode-
2019-07-20T19:17:21: PM2 log: App [milkicons_:0] online
2019-07-20T19:17:22: PM2 log: App [milkicons_:0] exited with code [1] via signal [SIGINT]
2019-07-20T19:17:22: PM2 log: App [milkicons_:0] starting in -fork mode-
2019-07-20T19:17:22: PM2 log: App [milkicons_:0] online
2019-07-20T19:17:23: PM2 log: App [milkicons_:0] exited with code [1] via signal [SIGINT]
2019-07-20T19:17:23: PM2 log: App [milkicons_:0] starting in -fork mode-
2019-07-20T19:17:23: PM2 log: App [milkicons_:0] online
2019-07-20T19:17:24: PM2 log: App [milkicons_:0] exited with code [1] via signal [SIGINT]
2019-07-20T19:17:24: PM2 log: App [milkicons_:0] starting in -fork mode-
2019-07-20T19:17:24: PM2 log: App [milkicons_:0] online
2019-07-20T19:17:25: PM2 log: App [milkicons_:0] exited with code [1] via signal [SIGINT]
2019-07-20T19:17:25: PM2 log: App [milkicons_:0] starting in -fork mode-
2019-07-20T19:17:25: PM2 log: App [milkicons_:0] online
2019-07-20T19:17:26: PM2 log: App [milkicons_:0] exited with code [1] via signal [SIGINT]
2019-07-20T19:17:26: PM2 log: App [milkicons_:0] starting in -fork mode-
2019-07-20T19:17:26: PM2 log: App [milkicons_:0] online
2019-07-20T19:17:27: PM2 log: App [milkicons_:0] exited with code [1] via signal [SIGINT]
2019-07-20T19:17:27: PM2 log: App [milkicons_:0] starting in -fork mode-
2019-07-20T19:17:27: PM2 log: App [milkicons_:0] online
2019-07-20T19:17:28: PM2 log: App [milkicons_:0] exited with code [1] via signal [SIGINT]
2019-07-20T19:17:28: PM2 log: App [milkicons_:0] starting in -fork mode-
2019-07-20T19:17:28: PM2 log: App [milkicons_:0] online
2019-07-20T19:17:29: PM2 log: App [milkicons_:0] exited with code [1] via signal [SIGINT]
2019-07-20T19:17:29: PM2 log: App [milkicons_:0] starting in -fork mode-
2019-07-20T19:17:29: PM2 log: App [milkicons_:0] online
2019-07-20T19:17:30: PM2 log: App [milkicons_:0] exited with code [1] via signal [SIGINT]
2019-07-20T19:17:30: PM2 log: App [milkicons_:0] starting in -fork mode-
2019-07-20T19:17:30: PM2 log: App [milkicons_:0] online
2019-07-20T19:17:31: PM2 log: App [milkicons_:0] exited with code [1] via signal [SIGINT]
2019-07-20T19:17:31: PM2 log: App [milkicons_:0] starting in -fork mode-
2019-07-20T19:17:31: PM2 log: App [milkicons_:0] online
2019-07-20T19:17:32: PM2 log: App [milkicons_:0] exited with code [1] via signal [SIGINT]
2019-07-20T19:17:32: PM2 log: App [milkicons_:0] starting in -fork mode-
2019-07-20T19:17:32: PM2 log: App [milkicons_:0] online
2019-07-20T19:17:33: PM2 log: App [milkicons_:0] exited with code [1] via signal [SIGINT]
2019-07-20T19:17:33: PM2 log: App [milkicons_:0] starting in -fork mode-
2019-07-20T19:17:33: PM2 log: App [milkicons_:0] online
2019-07-20T19:17:34: PM2 log: App [milkicons_:0] exited with code [1] via signal [SIGINT]
2019-07-20T19:17:34: PM2 log: App [milkicons_:0] starting in -fork mode-
2019-07-20T19:17:34: PM2 log: App [milkicons_:0] online
2019-07-20T19:17:36: PM2 log: App [milkicons_:0] exited with code [1] via signal [SIGINT]
2019-07-20T19:17:36: PM2 log: App [milkicons_:0] starting in -fork mode-
2019-07-20T19:17:36: PM2 log: App [milkicons_:0] online
2019-07-20T19:17:37: PM2 log: App [milkicons_:0] exited with code [1] via signal [SIGINT]
2019-07-20T19:17:37: PM2 log: App [milkicons_:0] starting in -fork mode-
2019-07-20T19:17:37: PM2 log: App [milkicons_:0] online
2019-07-20T19:17:38: PM2 log: App [milkicons_:0] exited with code [1] via signal [SIGINT]
2019-07-20T19:17:38: PM2 log: App [milkicons_:0] starting in -fork mode-
2019-07-20T19:17:38: PM2 log: App [milkicons_:0] online
2019-07-20T19:17:39: PM2 log: App [milkicons_:0] exited with code [1] via signal [SIGINT]
2019-07-20T19:17:39: PM2 log: App [milkicons_:0] starting in -fork mode-
2019-07-20T19:17:39: PM2 log: App [milkicons_:0] online
2019-07-20T19:17:40: PM2 log: App [milkicons_:0] exited with code [1] via signal [SIGINT]
2019-07-20T19:17:40: PM2 log: App [milkicons_:0] starting in -fork mode-
2019-07-20T19:17:40: PM2 log: App [milkicons_:0] online
2019-07-20T19:17:41: PM2 log: App [milkicons_:0] exited with code [1] via signal [SIGINT]
2019-07-20T19:17:41: PM2 log: App [milkicons_:0] starting in -fork mode-
2019-07-20T19:17:41: PM2 log: App [milkicons_:0] online
2019-07-20T19:17:42: PM2 log: App [milkicons_:0] exited with code [1] via signal [SIGINT]
2019-07-20T19:17:42: PM2 log: App [milkicons_:0] starting in -fork mode-
2019-07-20T19:17:42: PM2 log: App [milkicons_:0] online
2019-07-20T19:17:43: PM2 log: App [milkicons_:0] exited with code [1] via signal [SIGINT]
2019-07-20T19:17:43: PM2 log: App [milkicons_:0] starting in -fork mode-
2019-07-20T19:17:43: PM2 log: App [milkicons_:0] online
2019-07-20T19:17:44: PM2 log: App [milkicons_:0] exited with code [1] via signal [SIGINT]
2019-07-20T19:17:44: PM2 log: App [milkicons_:0] starting in -fork mode-
2019-07-20T19:17:44: PM2 log: App [milkicons_:0] online
2019-07-20T19:17:45: PM2 log: App [milkicons_:0] exited with code [1] via signal [SIGINT]
2019-07-20T19:17:45: PM2 log: App [milkicons_:0] starting in -fork mode-
2019-07-20T19:17:45: PM2 log: App [milkicons_:0] online
2019-07-20T19:17:46: PM2 log: App [milkicons_:0] exited with code [1] via signal [SIGINT]
2019-07-20T19:17:46: PM2 log: App [milkicons_:0] starting in -fork mode-
2019-07-20T19:17:46: PM2 log: App [milkicons_:0] online
2019-07-20T19:17:47: PM2 log: App [milkicons_:0] exited with code [1] via signal [SIGINT]
2019-07-20T19:17:47: PM2 log: App [milkicons_:0] starting in -fork mode-
2019-07-20T19:17:47: PM2 log: App [milkicons_:0] online
2019-07-20T19:17:48: PM2 log: App [milkicons_:0] exited with code [1] via signal [SIGINT]
2019-07-20T19:17:48: PM2 log: App [milkicons_:0] starting in -fork mode-
2019-07-20T19:17:48: PM2 log: App [milkicons_:0] online
2019-07-20T19:17:49: PM2 log: App [milkicons_:0] exited with code [1] via signal [SIGINT]
2019-07-20T19:17:49: PM2 log: App [milkicons_:0] starting in -fork mode-
2019-07-20T19:17:49: PM2 log: App [milkicons_:0] online
2019-07-20T19:17:50: PM2 log: App [milkicons_:0] exited with code [1] via signal [SIGINT]
2019-07-20T19:17:50: PM2 log: App [milkicons_:0] starting in -fork mode-
2019-07-20T19:17:50: PM2 log: App [milkicons_:0] online
2019-07-20T19:17:51: PM2 log: App [milkicons_:0] exited with code [1] via signal [SIGINT]
2019-07-20T19:17:51: PM2 log: App [milkicons_:0] starting in -fork mode-
2019-07-20T19:17:51: PM2 log: App [milkicons_:0] online
2019-07-20T19:17:52: PM2 log: App [milkicons_:0] exited with code [1] via signal [SIGINT]
2019-07-20T19:17:52: PM2 log: App [milkicons_:0] starting in -fork mode-
2019-07-20T19:17:52: PM2 log: App [milkicons_:0] online
2019-07-20T19:17:53: PM2 log: App [milkicons_:0] exited with code [1] via signal [SIGINT]
2019-07-20T19:17:53: PM2 log: App [milkicons_:0] starting in -fork mode-
2019-07-20T19:17:53: PM2 log: App [milkicons_:0] online
2019-07-20T19:17:54: PM2 log: App [milkicons_:0] exited with code [1] via signal [SIGINT]
2019-07-20T19:17:54: PM2 log: App [milkicons_:0] starting in -fork mode-
2019-07-20T19:17:54: PM2 log: App [milkicons_:0] online
2019-07-20T19:17:55: PM2 log: App [milkicons_:0] exited with code [1] via signal [SIGINT]
2019-07-20T19:17:55: PM2 log: App [milkicons_:0] starting in -fork mode-
2019-07-20T19:17:55: PM2 log: App [milkicons_:0] online
2019-07-20T19:17:56: PM2 log: App [milkicons_:0] exited with code [1] via signal [SIGINT]
2019-07-20T19:17:56: PM2 log: App [milkicons_:0] starting in -fork mode-
2019-07-20T19:17:56: PM2 log: App [milkicons_:0] online
2019-07-20T19:17:57: PM2 log: App [milkicons_:0] exited with code [1] via signal [SIGINT]
2019-07-20T19:17:57: PM2 log: App [milkicons_:0] starting in -fork mode-
2019-07-20T19:17:57: PM2 log: App [milkicons_:0] online
2019-07-20T19:17:58: PM2 log: App [milkicons_:0] exited with code [1] via signal [SIGINT]
2019-07-20T19:17:58: PM2 log: App [milkicons_:0] starting in -fork mode-
2019-07-20T19:17:58: PM2 log: App [milkicons_:0] online
2019-07-20T19:17:59: PM2 log: App [milkicons_:0] exited with code [1] via signal [SIGINT]
2019-07-20T19:17:59: PM2 log: App [milkicons_:0] starting in -fork mode-
2019-07-20T19:17:59: PM2 log: App [milkicons_:0] online
2019-07-20T19:18:00: PM2 log: App [milkicons_:0] exited with code [1] via signal [SIGINT]
2019-07-20T19:18:00: PM2 log: App [milkicons_:0] starting in -fork mode-
2019-07-20T19:18:00: PM2 log: App [milkicons_:0] online
2019-07-20T19:18:01: PM2 log: App [milkicons_:0] exited with code [1] via signal [SIGINT]
2019-07-20T19:18:01: PM2 log: App [milkicons_:0] starting in -fork mode-
2019-07-20T19:18:01: PM2 log: App [milkicons_:0] online
2019-07-20T19:18:02: PM2 log: App [milkicons_:0] exited with code [1] via signal [SIGINT]
2019-07-20T19:18:02: PM2 log: App [milkicons_:0] starting in -fork mode-
2019-07-20T19:18:02: PM2 log: App [milkicons_:0] online
2019-07-20T19:18:03: PM2 log: App [milkicons_:0] exited with code [1] via signal [SIGINT]
2019-07-20T19:18:03: PM2 log: App [milkicons_:0] starting in -fork mode-
2019-07-20T19:18:03: PM2 log: App [milkicons_:0] online
2019-07-20T19:18:04: PM2 log: App [milkicons_:0] exited with code [1] via signal [SIGINT]
2019-07-20T19:18:04: PM2 log: App [milkicons_:0] starting in -fork mode-
2019-07-20T19:18:04: PM2 log: App [milkicons_:0] online
2019-07-20T19:18:06: PM2 log: App [milkicons_:0] exited with code [1] via signal [SIGINT]
2019-07-20T19:18:06: PM2 log: App [milkicons_:0] starting in -fork mode-
2019-07-20T19:18:06: PM2 log: App [milkicons_:0] online
2019-07-20T19:18:07: PM2 log: App [milkicons_:0] exited with code [1] via signal [SIGINT]
2019-07-20T19:18:07: PM2 log: App [milkicons_:0] starting in -fork mode-
2019-07-20T19:18:07: PM2 log: App [milkicons_:0] online
2019-07-20T19:18:08: PM2 log: App [milkicons_:0] exited with code [1] via signal [SIGINT]
2019-07-20T19:18:08: PM2 log: App [milkicons_:0] starting in -fork mode-
2019-07-20T19:18:08: PM2 log: App [milkicons_:0] online
2019-07-20T19:18:09: PM2 log: App [milkicons_:0] exited with code [1] via signal [SIGINT]
2019-07-20T19:18:10: PM2 log: App [milkicons_:0] starting in -fork mode-
2019-07-20T19:18:10: PM2 log: App [milkicons_:0] online
2019-07-20T19:18:11: PM2 log: App [milkicons_:0] exited with code [1] via signal [SIGINT]
2019-07-20T19:18:11: PM2 log: App [milkicons_:0] starting in -fork mode-
2019-07-20T19:18:11: PM2 log: App [milkicons_:0] online
2019-07-20T19:18:12: PM2 log: App [milkicons_:0] exited with code [1] via signal [SIGINT]
2019-07-20T19:18:12: PM2 log: App [milkicons_:0] starting in -fork mode-
2019-07-20T19:18:12: PM2 log: App [milkicons_:0] online
2019-07-20T19:18:13: PM2 log: App [milkicons_:0] exited with code [1] via signal [SIGINT]
2019-07-20T19:18:13: PM2 log: App [milkicons_:0] starting in -fork mode-
2019-07-20T19:18:13: PM2 log: App [milkicons_:0] online
2019-07-20T19:18:14: PM2 log: App [milkicons_:0] exited with code [1] via signal [SIGINT]
2019-07-20T19:18:14: PM2 log: App [milkicons_:0] starting in -fork mode-
2019-07-20T19:18:14: PM2 log: App [milkicons_:0] online
2019-07-20T19:18:15: PM2 log: App [milkicons_:0] exited with code [1] via signal [SIGINT]
2019-07-20T19:18:15: PM2 log: App [milkicons_:0] starting in -fork mode-
2019-07-20T19:18:15: PM2 log: App [milkicons_:0] online
2019-07-20T19:18:16: PM2 log: App [milkicons_:0] exited with code [1] via signal [SIGINT]
2019-07-20T19:18:16: PM2 log: App [milkicons_:0] starting in -fork mode-
2019-07-20T19:18:16: PM2 log: App [milkicons_:0] online
2019-07-20T19:18:17: PM2 log: App [milkicons_:0] exited with code [1] via signal [SIGINT]
2019-07-20T19:18:17: PM2 log: App [milkicons_:0] starting in -fork mode-
2019-07-20T19:18:17: PM2 log: App [milkicons_:0] online
2019-07-20T19:18:18: PM2 log: App [milkicons_:0] exited with code [1] via signal [SIGINT]
2019-07-20T19:18:18: PM2 log: App [milkicons_:0] starting in -fork mode-
2019-07-20T19:18:18: PM2 log: App [milkicons_:0] online
2019-07-20T19:18:19: PM2 log: App [milkicons_:0] exited with code [1] via signal [SIGINT]
2019-07-20T19:18:19: PM2 log: App [milkicons_:0] starting in -fork mode-
2019-07-20T19:18:19: PM2 log: App [milkicons_:0] online
2019-07-20T19:18:20: PM2 log: App [milkicons_:0] exited with code [1] via signal [SIGINT]
2019-07-20T19:18:20: PM2 log: App [milkicons_:0] starting in -fork mode-
2019-07-20T19:18:20: PM2 log: App [milkicons_:0] online
2019-07-20T19:18:21: PM2 log: App [milkicons_:0] exited with code [1] via signal [SIGINT]
2019-07-20T19:18:21: PM2 log: App [milkicons_:0] starting in -fork mode-
2019-07-20T19:18:21: PM2 log: App [milkicons_:0] online
2019-07-20T19:18:22: PM2 log: App [milkicons_:0] exited with code [1] via signal [SIGINT]
2019-07-20T19:18:22: PM2 log: App [milkicons_:0] starting in -fork mode-
2019-07-20T19:18:22: PM2 log: App [milkicons_:0] online
2019-07-20T19:18:23: PM2 log: App [milkicons_:0] exited with code [1] via signal [SIGINT]
2019-07-20T19:18:23: PM2 log: App [milkicons_:0] starting in -fork mode-
2019-07-20T19:18:23: PM2 log: App [milkicons_:0] online
2019-07-20T19:18:24: PM2 log: App [milkicons_:0] exited with code [1] via signal [SIGINT]
2019-07-20T19:18:24: PM2 log: App [milkicons_:0] starting in -fork mode-
2019-07-20T19:18:24: PM2 log: App [milkicons_:0] online
2019-07-20T19:18:25: PM2 log: App [milkicons_:0] exited with code [1] via signal [SIGINT]
2019-07-20T19:18:25: PM2 log: App [milkicons_:0] starting in -fork mode-
2019-07-20T19:18:25: PM2 log: App [milkicons_:0] online
2019-07-20T19:18:26: PM2 log: App [milkicons_:0] exited with code [1] via signal [SIGINT]
2019-07-20T19:18:26: PM2 log: App [milkicons_:0] starting in -fork mode-
2019-07-20T19:18:26: PM2 log: App [milkicons_:0] online
2019-07-20T19:18:27: PM2 log: App [milkicons_:0] exited with code [1] via signal [SIGINT]
2019-07-20T19:18:27: PM2 log: App [milkicons_:0] starting in -fork mode-
2019-07-20T19:18:27: PM2 log: App [milkicons_:0] online
2019-07-20T19:18:28: PM2 log: App [milkicons_:0] exited with code [1] via signal [SIGINT]
2019-07-20T19:18:28: PM2 log: App [milkicons_:0] starting in -fork mode-
2019-07-20T19:18:28: PM2 log: App [milkicons_:0] online
2019-07-20T19:18:29: PM2 log: App [milkicons_:0] exited with code [1] via signal [SIGINT]
2019-07-20T19:18:29: PM2 log: App [milkicons_:0] starting in -fork mode-
2019-07-20T19:18:29: PM2 log: App [milkicons_:0] online
2019-07-20T19:18:30: PM2 log: App [milkicons_:0] exited with code [1] via signal [SIGINT]
2019-07-20T19:18:30: PM2 log: App [milkicons_:0] starting in -fork mode-
2019-07-20T19:18:30: PM2 log: App [milkicons_:0] online
2019-07-20T19:18:31: PM2 log: App [milkicons_:0] exited with code [1] via signal [SIGINT]
2019-07-20T19:18:31: PM2 log: App [milkicons_:0] starting in -fork mode-
2019-07-20T19:18:31: PM2 log: App [milkicons_:0] online
2019-07-20T19:18:33: PM2 log: App [milkicons_:0] exited with code [1] via signal [SIGINT]
2019-07-20T19:18:33: PM2 log: App [milkicons_:0] starting in -fork mode-
2019-07-20T19:18:33: PM2 log: App [milkicons_:0] online
2019-07-20T19:18:34: PM2 log: App [milkicons_:0] exited with code [1] via signal [SIGINT]
2019-07-20T19:18:34: PM2 log: App [milkicons_:0] starting in -fork mode-
2019-07-20T19:18:34: PM2 log: App [milkicons_:0] online
2019-07-20T19:18:35: PM2 log: App [milkicons_:0] exited with code [1] via signal [SIGINT]
2019-07-20T19:18:35: PM2 log: App [milkicons_:0] starting in -fork mode-
2019-07-20T19:18:35: PM2 log: App [milkicons_:0] online
2019-07-20T19:18:36: PM2 log: App [milkicons_:0] exited with code [1] via signal [SIGINT]
2019-07-20T19:18:36: PM2 log: App [milkicons_:0] starting in -fork mode-
2019-07-20T19:18:36: PM2 log: App [milkicons_:0] online
2019-07-20T19:18:37: PM2 log: App [milkicons_:0] exited with code [1] via signal [SIGINT]
2019-07-20T19:18:37: PM2 log: App [milkicons_:0] starting in -fork mode-
2019-07-20T19:18:37: PM2 log: App [milkicons_:0] online
2019-07-20T19:18:38: PM2 log: App [milkicons_:0] exited with code [1] via signal [SIGINT]
2019-07-20T19:18:38: PM2 log: App [milkicons_:0] starting in -fork mode-
2019-07-20T19:18:38: PM2 log: App [milkicons_:0] online
2019-07-20T19:18:39: PM2 log: App [milkicons_:0] exited with code [1] via signal [SIGINT]
2019-07-20T19:18:39: PM2 log: App [milkicons_:0] starting in -fork mode-
2019-07-20T19:18:39: PM2 log: App [milkicons_:0] online
2019-07-20T19:18:40: PM2 log: App [milkicons_:0] exited with code [1] via signal [SIGINT]
2019-07-20T19:18:40: PM2 log: App [milkicons_:0] starting in -fork mode-
2019-07-20T19:18:40: PM2 log: App [milkicons_:0] online
2019-07-20T19:18:41: PM2 log: App [milkicons_:0] exited with code [1] via signal [SIGINT]
2019-07-20T19:18:41: PM2 log: App [milkicons_:0] starting in -fork mode-
2019-07-20T19:18:41: PM2 log: App [milkicons_:0] online
2019-07-20T19:18:42: PM2 log: App [milkicons_:0] exited with code [1] via signal [SIGINT]
2019-07-20T19:18:42: PM2 log: App [milkicons_:0] starting in -fork mode-
2019-07-20T19:18:42: PM2 log: App [milkicons_:0] online
2019-07-20T19:18:43: PM2 log: App [milkicons_:0] exited with code [1] via signal [SIGINT]
2019-07-20T19:18:43: PM2 log: App [milkicons_:0] starting in -fork mode-
2019-07-20T19:18:43: PM2 log: App [milkicons_:0] online
2019-07-20T19:18:44: PM2 log: App [milkicons_:0] exited with code [1] via signal [SIGINT]
2019-07-20T19:18:44: PM2 log: App [milkicons_:0] starting in -fork mode-
2019-07-20T19:18:44: PM2 log: App [milkicons_:0] online
2019-07-20T19:18:45: PM2 log: App [milkicons_:0] exited with code [1] via signal [SIGINT]
2019-07-20T19:18:45: PM2 log: App [milkicons_:0] starting in -fork mode-
2019-07-20T19:18:45: PM2 log: App [milkicons_:0] online
2019-07-20T19:18:46: PM2 log: App [milkicons_:0] exited with code [1] via signal [SIGINT]
2019-07-20T19:18:46: PM2 log: App [milkicons_:0] starting in -fork mode-
2019-07-20T19:18:46: PM2 log: App [milkicons_:0] online
2019-07-20T19:18:47: PM2 log: App [milkicons_:0] exited with code [1] via signal [SIGINT]
2019-07-20T19:18:47: PM2 log: App [milkicons_:0] starting in -fork mode-
2019-07-20T19:18:47: PM2 log: App [milkicons_:0] online
2019-07-20T19:18:48: PM2 log: App [milkicons_:0] exited with code [1] via signal [SIGINT]
2019-07-20T19:18:48: PM2 log: App [milkicons_:0] starting in -fork mode-
2019-07-20T19:18:48: PM2 log: App [milkicons_:0] online
2019-07-20T19:18:49: PM2 log: App [milkicons_:0] exited with code [1] via signal [SIGINT]
2019-07-20T19:18:49: PM2 log: App [milkicons_:0] starting in -fork mode-
2019-07-20T19:18:49: PM2 log: App [milkicons_:0] online
2019-07-20T19:18:50: PM2 log: App [milkicons_:0] exited with code [1] via signal [SIGINT]
2019-07-20T19:18:50: PM2 log: App [milkicons_:0] starting in -fork mode-
2019-07-20T19:18:50: PM2 log: App [milkicons_:0] online
2019-07-20T19:18:51: PM2 log: App [milkicons_:0] exited with code [1] via signal [SIGINT]
2019-07-20T19:18:51: PM2 log: App [milkicons_:0] starting in -fork mode-
2019-07-20T19:18:51: PM2 log: App [milkicons_:0] online
2019-07-20T19:18:52: PM2 log: App [milkicons_:0] exited with code [1] via signal [SIGINT]
2019-07-20T19:18:52: PM2 log: App [milkicons_:0] starting in -fork mode-
2019-07-20T19:18:52: PM2 log: App [milkicons_:0] online
2019-07-20T19:18:53: PM2 log: App [milkicons_:0] exited with code [1] via signal [SIGINT]
2019-07-20T19:18:53: PM2 log: App [milkicons_:0] starting in -fork mode-
2019-07-20T19:18:53: PM2 log: App [milkicons_:0] online
2019-07-20T19:18:54: PM2 log: App [milkicons_:0] exited with code [1] via signal [SIGINT]
2019-07-20T19:18:54: PM2 log: App [milkicons_:0] starting in -fork mode-
2019-07-20T19:18:54: PM2 log: App [milkicons_:0] online
2019-07-20T19:18:55: PM2 log: App [milkicons_:0] exited with code [1] via signal [SIGINT]
2019-07-20T19:18:55: PM2 log: App [milkicons_:0] starting in -fork mode-
2019-07-20T19:18:55: PM2 log: App [milkicons_:0] online
2019-07-20T19:18:56: PM2 log: App [milkicons_:0] exited with code [1] via signal [SIGINT]
2019-07-20T19:18:56: PM2 log: App [milkicons_:0] starting in -fork mode-
2019-07-20T19:18:56: PM2 log: App [milkicons_:0] online
2019-07-20T19:18:57: PM2 log: App [milkicons_:0] exited with code [1] via signal [SIGINT]
2019-07-20T19:18:57: PM2 log: App [milkicons_:0] starting in -fork mode-
2019-07-20T19:18:57: PM2 log: App [milkicons_:0] online
2019-07-20T19:18:58: PM2 log: App [milkicons_:0] exited with code [1] via signal [SIGINT]
2019-07-20T19:18:58: PM2 log: App [milkicons_:0] starting in -fork mode-
2019-07-20T19:18:58: PM2 log: App [milkicons_:0] online
2019-07-20T19:18:59: PM2 log: App [milkicons_:0] exited with code [1] via signal [SIGINT]
2019-07-20T19:18:59: PM2 log: App [milkicons_:0] starting in -fork mode-
2019-07-20T19:18:59: PM2 log: App [milkicons_:0] online
2019-07-20T19:19:00: PM2 log: App [milkicons_:0] exited with code [1] via signal [SIGINT]
2019-07-20T19:19:00: PM2 log: App [milkicons_:0] starting in -fork mode-
2019-07-20T19:19:00: PM2 log: App [milkicons_:0] online
2019-07-20T19:19:01: PM2 log: App [milkicons_:0] exited with code [1] via signal [SIGINT]
2019-07-20T19:19:01: PM2 log: App [milkicons_:0] starting in -fork mode-
2019-07-20T19:19:01: PM2 log: App [milkicons_:0] online
2019-07-20T19:19:02: PM2 log: App [milkicons_:0] exited with code [1] via signal [SIGINT]
2019-07-20T19:19:03: PM2 log: App [milkicons_:0] starting in -fork mode-
2019-07-20T19:19:03: PM2 log: App [milkicons_:0] online
2019-07-20T19:19:04: PM2 log: App [milkicons_:0] exited with code [1] via signal [SIGINT]
2019-07-20T19:19:04: PM2 log: App [milkicons_:0] starting in -fork mode-
2019-07-20T19:19:04: PM2 log: App [milkicons_:0] online
2019-07-20T19:19:05: PM2 log: App [milkicons_:0] exited with code [1] via signal [SIGINT]
2019-07-20T19:19:05: PM2 log: App [milkicons_:0] starting in -fork mode-
2019-07-20T19:19:05: PM2 log: App [milkicons_:0] online
2019-07-20T19:19:06: PM2 log: App [milkicons_:0] exited with code [1] via signal [SIGINT]
2019-07-20T19:19:06: PM2 log: App [milkicons_:0] starting in -fork mode-
2019-07-20T19:19:06: PM2 log: App [milkicons_:0] online
2019-07-20T19:19:07: PM2 log: App [milkicons_:0] exited with code [1] via signal [SIGINT]
2019-07-20T19:19:07: PM2 log: App [milkicons_:0] starting in -fork mode-
2019-07-20T19:19:07: PM2 log: App [milkicons_:0] online
2019-07-20T19:19:08: PM2 log: App [milkicons_:0] exited with code [1] via signal [SIGINT]
2019-07-20T19:19:08: PM2 log: App [milkicons_:0] starting in -fork mode-
2019-07-20T19:19:08: PM2 log: App [milkicons_:0] online
2019-07-20T19:19:09: PM2 log: App [milkicons_:0] exited with code [1] via signal [SIGINT]
2019-07-20T19:19:09: PM2 log: App [milkicons_:0] starting in -fork mode-
2019-07-20T19:19:09: PM2 log: App [milkicons_:0] online
2019-07-20T19:19:10: PM2 log: App [milkicons_:0] exited with code [1] via signal [SIGINT]
2019-07-20T19:19:10: PM2 log: App [milkicons_:0] starting in -fork mode-
2019-07-20T19:19:10: PM2 log: App [milkicons_:0] online
2019-07-20T19:19:11: PM2 log: App [milkicons_:0] exited with code [1] via signal [SIGINT]
2019-07-20T19:19:11: PM2 log: App [milkicons_:0] starting in -fork mode-
2019-07-20T19:19:11: PM2 log: App [milkicons_:0] online
2019-07-20T19:19:12: PM2 log: App [milkicons_:0] exited with code [1] via signal [SIGINT]
2019-07-20T19:19:12: PM2 log: App [milkicons_:0] starting in -fork mode-
2019-07-20T19:19:12: PM2 log: App [milkicons_:0] online
2019-07-20T19:19:15: PM2 log: App [milkicons_:0] exited with code [1] via signal [SIGINT]
2019-07-20T19:19:15: PM2 log: App [milkicons_:0] starting in -fork mode-
2019-07-20T19:19:15: PM2 log: App [milkicons_:0] online
2019-07-20T19:19:17: PM2 log: App [milkicons_:0] exited with code [1] via signal [SIGINT]
2019-07-20T19:19:17: PM2 log: App [milkicons_:0] starting in -fork mode-
2019-07-20T19:19:17: PM2 log: App [milkicons_:0] online
2019-07-20T19:19:19: PM2 log: App [milkicons_:0] exited with code [1] via signal [SIGINT]
2019-07-20T19:19:19: PM2 log: App [milkicons_:0] starting in -fork mode-
2019-07-20T19:19:19: PM2 log: App [milkicons_:0] online
2019-07-20T20:12:20: PM2 log: Stopping app:milkicons_ id:0
2019-07-20T20:12:20: PM2 log: App [milkicons_:0] exited with code [0] via signal [SIGINT]
2019-07-20T20:12:20: PM2 log: pid=24290 msg=process killed
2019-07-20T20:12:20: PM2 log: App [milkicons_:0] starting in -fork mode-
2019-07-20T20:12:20: PM2 log: App [milkicons_:0] online
2019-07-20T20:27:50: PM2 log: Stopping app:milkicons_ id:0
2019-07-20T20:27:50: PM2 log: App [milkicons_:0] exited with code [0] via signal [SIGINT]
2019-07-20T20:27:50: PM2 log: pid=24690 msg=process killed
2019-07-20T20:27:50: PM2 log: App [milkicons_:0] starting in -fork mode-
2019-07-20T20:27:50: PM2 log: App [milkicons_:0] online
2019-07-20T20:33:05: PM2 log: Stopping app:milkicons_ id:0
2019-07-20T20:33:05: PM2 log: App [milkicons_:0] exited with code [0] via signal [SIGINT]
2019-07-20T20:33:05: PM2 log: pid=25324 msg=process killed
2019-07-20T20:33:05: PM2 log: App [milkicons_:0] starting in -fork mode-
2019-07-20T20:33:05: PM2 log: App [milkicons_:0] online
2019-07-20T20:36:26: PM2 log: Stopping app:milkicons_ id:0
2019-07-20T20:36:26: PM2 log: App [milkicons_:0] exited with code [0] via signal [SIGINT]
2019-07-20T20:36:26: PM2 log: pid=25397 msg=process killed
2019-07-20T20:36:36: PM2 log: App [milkicons_:0] starting in -fork mode-
2019-07-20T20:36:36: PM2 log: App [milkicons_:0] online
2019-07-20T20:38:53: PM2 log: Stopping app:milkicons_ id:0
2019-07-20T20:38:53: PM2 log: App [milkicons_:0] exited with code [0] via signal [SIGINT]
2019-07-20T20:38:53: PM2 log: pid=25498 msg=process killed
2019-07-20T20:38:53: PM2 log: App [milkicons_:0] starting in -fork mode-
2019-07-20T20:38:53: PM2 log: App [milkicons_:0] online
2019-07-20T20:40:40: PM2 log: Stopping app:milkicons_ id:0
2019-07-20T20:40:40: PM2 log: App [milkicons_:0] exited with code [0] via signal [SIGINT]
2019-07-20T20:40:40: PM2 log: pid=25571 msg=process killed
2019-07-20T20:40:54: PM2 log: App [milkicons_:0] starting in -fork mode-
2019-07-20T20:40:54: PM2 log: App [milkicons_:0] online
2019-07-20T20:44:06: PM2 log: Stopping app:milkicons_ id:0
2019-07-20T20:44:06: PM2 log: App [milkicons_:0] exited with code [0] via signal [SIGINT]
2019-07-20T20:44:06: PM2 log: pid=25652 msg=process killed
2019-07-20T20:45:29: PM2 log: App [milkicons_:0] starting in -fork mode-
2019-07-20T20:45:29: PM2 log: App [milkicons_:0] online
